2023-05-17 13:13:08,334 [Worker-8: Loading available Gradle versions] INFO  o.e.b.c.i.u.g.PublishedGradleVersions - Gradle version information cache is up-to-date. Trying to read.
2023-05-17 13:36:00,027 [main] INFO  o.e.m2e.actions.ExecutePomAction - Creating new launch configuration
2023-05-17 13:36:23,385 [main] INFO  o.e.m2e.actions.ExecutePomAction - Creating new launch configuration
2023-05-17 13:36:59,235 [Worker-66: Launching Project (1)] INFO  o.eclipse.m2e.core.internal.Bundles - getClasspathEntries(Bundle=org.eclipse.m2e.maven.runtime_3.8.701.20230209-1606 [267])
2023-05-17 13:36:59,252 [Worker-66: Launching Project (1)] INFO  o.eclipse.m2e.core.internal.Bundles - 	Entry: /Users/rishianiga/.p2/pool/plugins/org.eclipse.m2e.maven.runtime_3.8.701.20230209-1606
2023-05-17 13:36:59,254 [Worker-66: Launching Project (1)] INFO  o.eclipse.m2e.core.internal.Bundles - 	Entry: /Users/rishianiga/.p2/pool/plugins/org.eclipse.m2e.maven.runtime_3.8.701.20230209-1606/jars/aether-connector-okhttp-0.17.8.jar
2023-05-17 13:36:59,254 [Worker-66: Launching Project (1)] INFO  o.eclipse.m2e.core.internal.Bundles - 	Entry: /Users/rishianiga/.p2/pool/plugins/org.eclipse.m2e.maven.runtime_3.8.701.20230209-1606/jars/commons-lang3-3.8.1.jar
2023-05-17 13:36:59,254 [Worker-66: Launching Project (1)] INFO  o.eclipse.m2e.core.internal.Bundles - 	Entry: /Users/rishianiga/.p2/pool/plugins/org.eclipse.m2e.maven.runtime_3.8.701.20230209-1606/jars/guice-4.2.2-no_aop.jar
2023-05-17 13:36:59,254 [Worker-66: Launching Project (1)] INFO  o.eclipse.m2e.core.internal.Bundles - 	Entry: /Users/rishianiga/.p2/pool/plugins/org.eclipse.m2e.maven.runtime_3.8.701.20230209-1606/jars/jansi-2.4.0.jar
2023-05-17 13:36:59,254 [Worker-66: Launching Project (1)] INFO  o.eclipse.m2e.core.internal.Bundles - 	Entry: /Users/rishianiga/.p2/pool/plugins/org.eclipse.m2e.maven.runtime_3.8.701.20230209-1606/jars/maven-artifact-3.8.7.jar
2023-05-17 13:36:59,254 [Worker-66: Launching Project (1)] INFO  o.eclipse.m2e.core.internal.Bundles - 	Entry: /Users/rishianiga/.p2/pool/plugins/org.eclipse.m2e.maven.runtime_3.8.701.20230209-1606/jars/maven-builder-support-3.8.7.jar
2023-05-17 13:36:59,254 [Worker-66: Launching Project (1)] INFO  o.eclipse.m2e.core.internal.Bundles - 	Entry: /Users/rishianiga/.p2/pool/plugins/org.eclipse.m2e.maven.runtime_3.8.701.20230209-1606/jars/maven-compat-3.8.7.jar
2023-05-17 13:36:59,255 [Worker-66: Launching Project (1)] INFO  o.eclipse.m2e.core.internal.Bundles - 	Entry: /Users/rishianiga/.p2/pool/plugins/org.eclipse.m2e.maven.runtime_3.8.701.20230209-1606/jars/maven-core-3.8.7.jar
2023-05-17 13:36:59,255 [Worker-66: Launching Project (1)] INFO  o.eclipse.m2e.core.internal.Bundles - 	Entry: /Users/rishianiga/.p2/pool/plugins/org.eclipse.m2e.maven.runtime_3.8.701.20230209-1606/jars/maven-embedder-3.8.7.jar
2023-05-17 13:36:59,255 [Worker-66: Launching Project (1)] INFO  o.eclipse.m2e.core.internal.Bundles - 	Entry: /Users/rishianiga/.p2/pool/plugins/org.eclipse.m2e.maven.runtime_3.8.701.20230209-1606/jars/maven-model-3.8.7.jar
2023-05-17 13:36:59,255 [Worker-66: Launching Project (1)] INFO  o.eclipse.m2e.core.internal.Bundles - 	Entry: /Users/rishianiga/.p2/pool/plugins/org.eclipse.m2e.maven.runtime_3.8.701.20230209-1606/jars/maven-model-builder-3.8.7.jar
2023-05-17 13:36:59,255 [Worker-66: Launching Project (1)] INFO  o.eclipse.m2e.core.internal.Bundles - 	Entry: /Users/rishianiga/.p2/pool/plugins/org.eclipse.m2e.maven.runtime_3.8.701.20230209-1606/jars/maven-plugin-api-3.8.7.jar
2023-05-17 13:36:59,255 [Worker-66: Launching Project (1)] INFO  o.eclipse.m2e.core.internal.Bundles - 	Entry: /Users/rishianiga/.p2/pool/plugins/org.eclipse.m2e.maven.runtime_3.8.701.20230209-1606/jars/maven-repository-metadata-3.8.7.jar
2023-05-17 13:36:59,255 [Worker-66: Launching Project (1)] INFO  o.eclipse.m2e.core.internal.Bundles - 	Entry: /Users/rishianiga/.p2/pool/plugins/org.eclipse.m2e.maven.runtime_3.8.701.20230209-1606/jars/maven-resolver-api-1.6.3.jar
2023-05-17 13:36:59,255 [Worker-66: Launching Project (1)] INFO  o.eclipse.m2e.core.internal.Bundles - 	Entry: /Users/rishianiga/.p2/pool/plugins/org.eclipse.m2e.maven.runtime_3.8.701.20230209-1606/jars/maven-resolver-connector-basic-1.6.3.jar
2023-05-17 13:36:59,255 [Worker-66: Launching Project (1)] INFO  o.eclipse.m2e.core.internal.Bundles - 	Entry: /Users/rishianiga/.p2/pool/plugins/org.eclipse.m2e.maven.runtime_3.8.701.20230209-1606/jars/maven-resolver-impl-1.6.3.jar
2023-05-17 13:36:59,255 [Worker-66: Launching Project (1)] INFO  o.eclipse.m2e.core.internal.Bundles - 	Entry: /Users/rishianiga/.p2/pool/plugins/org.eclipse.m2e.maven.runtime_3.8.701.20230209-1606/jars/maven-resolver-provider-3.8.7.jar
2023-05-17 13:36:59,255 [Worker-66: Launching Project (1)] INFO  o.eclipse.m2e.core.internal.Bundles - 	Entry: /Users/rishianiga/.p2/pool/plugins/org.eclipse.m2e.maven.runtime_3.8.701.20230209-1606/jars/maven-resolver-spi-1.6.3.jar
2023-05-17 13:36:59,255 [Worker-66: Launching Project (1)] INFO  o.eclipse.m2e.core.internal.Bundles - 	Entry: /Users/rishianiga/.p2/pool/plugins/org.eclipse.m2e.maven.runtime_3.8.701.20230209-1606/jars/maven-resolver-transport-wagon-1.6.3.jar
2023-05-17 13:36:59,255 [Worker-66: Launching Project (1)] INFO  o.eclipse.m2e.core.internal.Bundles - 	Entry: /Users/rishianiga/.p2/pool/plugins/org.eclipse.m2e.maven.runtime_3.8.701.20230209-1606/jars/maven-resolver-util-1.6.3.jar
2023-05-17 13:36:59,255 [Worker-66: Launching Project (1)] INFO  o.eclipse.m2e.core.internal.Bundles - 	Entry: /Users/rishianiga/.p2/pool/plugins/org.eclipse.m2e.maven.runtime_3.8.701.20230209-1606/jars/maven-settings-3.8.7.jar
2023-05-17 13:36:59,255 [Worker-66: Launching Project (1)] INFO  o.eclipse.m2e.core.internal.Bundles - 	Entry: /Users/rishianiga/.p2/pool/plugins/org.eclipse.m2e.maven.runtime_3.8.701.20230209-1606/jars/maven-settings-builder-3.8.7.jar
2023-05-17 13:36:59,255 [Worker-66: Launching Project (1)] INFO  o.eclipse.m2e.core.internal.Bundles - 	Entry: /Users/rishianiga/.p2/pool/plugins/org.eclipse.m2e.maven.runtime_3.8.701.20230209-1606/jars/maven-shared-utils-3.3.4.jar
2023-05-17 13:36:59,255 [Worker-66: Launching Project (1)] INFO  o.eclipse.m2e.core.internal.Bundles - 	Entry: /Users/rishianiga/.p2/pool/plugins/org.eclipse.m2e.maven.runtime_3.8.701.20230209-1606/jars/okhttp-3.14.1.jar
2023-05-17 13:36:59,255 [Worker-66: Launching Project (1)] INFO  o.eclipse.m2e.core.internal.Bundles - 	Entry: /Users/rishianiga/.p2/pool/plugins/org.eclipse.m2e.maven.runtime_3.8.701.20230209-1606/jars/okio-1.17.3.jar
2023-05-17 13:36:59,255 [Worker-66: Launching Project (1)] INFO  o.eclipse.m2e.core.internal.Bundles - 	Entry: /Users/rishianiga/.p2/pool/plugins/org.eclipse.m2e.maven.runtime_3.8.701.20230209-1606/jars/org.eclipse.sisu.inject-0.3.5.jar
2023-05-17 13:36:59,255 [Worker-66: Launching Project (1)] INFO  o.eclipse.m2e.core.internal.Bundles - 	Entry: /Users/rishianiga/.p2/pool/plugins/org.eclipse.m2e.maven.runtime_3.8.701.20230209-1606/jars/org.eclipse.sisu.plexus-0.3.5.jar
2023-05-17 13:36:59,256 [Worker-66: Launching Project (1)] INFO  o.eclipse.m2e.core.internal.Bundles - 	Entry: /Users/rishianiga/.p2/pool/plugins/org.eclipse.m2e.maven.runtime_3.8.701.20230209-1606/jars/plexus-build-api-0.0.7.jar
2023-05-17 13:36:59,256 [Worker-66: Launching Project (1)] INFO  o.eclipse.m2e.core.internal.Bundles - 	Entry: /Users/rishianiga/.p2/pool/plugins/org.eclipse.m2e.maven.runtime_3.8.701.20230209-1606/jars/plexus-cipher-2.0.jar
2023-05-17 13:36:59,256 [Worker-66: Launching Project (1)] INFO  o.eclipse.m2e.core.internal.Bundles - 	Entry: /Users/rishianiga/.p2/pool/plugins/org.eclipse.m2e.maven.runtime_3.8.701.20230209-1606/jars/plexus-classworlds-2.6.0.jar
2023-05-17 13:36:59,256 [Worker-66: Launching Project (1)] INFO  o.eclipse.m2e.core.internal.Bundles - 	Entry: /Users/rishianiga/.p2/pool/plugins/org.eclipse.m2e.maven.runtime_3.8.701.20230209-1606/jars/plexus-component-annotations-2.1.0.jar
2023-05-17 13:36:59,256 [Worker-66: Launching Project (1)] INFO  o.eclipse.m2e.core.internal.Bundles - 	Entry: /Users/rishianiga/.p2/pool/plugins/org.eclipse.m2e.maven.runtime_3.8.701.20230209-1606/jars/plexus-interpolation-1.26.jar
2023-05-17 13:36:59,256 [Worker-66: Launching Project (1)] INFO  o.eclipse.m2e.core.internal.Bundles - 	Entry: /Users/rishianiga/.p2/pool/plugins/org.eclipse.m2e.maven.runtime_3.8.701.20230209-1606/jars/plexus-sec-dispatcher-2.0.jar
2023-05-17 13:36:59,256 [Worker-66: Launching Project (1)] INFO  o.eclipse.m2e.core.internal.Bundles - 	Entry: /Users/rishianiga/.p2/pool/plugins/org.eclipse.m2e.maven.runtime_3.8.701.20230209-1606/jars/plexus-utils-3.3.1.jar
2023-05-17 13:36:59,256 [Worker-66: Launching Project (1)] INFO  o.eclipse.m2e.core.internal.Bundles - 	Entry: /Users/rishianiga/.p2/pool/plugins/org.eclipse.m2e.maven.runtime_3.8.701.20230209-1606/jars/wagon-file-3.5.3.jar
2023-05-17 13:36:59,256 [Worker-66: Launching Project (1)] INFO  o.eclipse.m2e.core.internal.Bundles - 	Entry: /Users/rishianiga/.p2/pool/plugins/org.eclipse.m2e.maven.runtime_3.8.701.20230209-1606/jars/wagon-provider-api-3.5.3.jar
2023-05-17 13:36:59,261 [Worker-66: Launching Project (1)] INFO  o.eclipse.m2e.core.internal.Bundles - getClasspathEntries(Bundle=com.google.guava_31.1.0.jre [9])
2023-05-17 13:36:59,264 [Worker-66: Launching Project (1)] INFO  o.eclipse.m2e.core.internal.Bundles - 	Entry: /Users/rishianiga/.p2/pool/plugins/com.google.guava_31.1.0.jre.jar
2023-05-17 13:36:59,264 [Worker-66: Launching Project (1)] INFO  o.eclipse.m2e.core.internal.Bundles - getClasspathEntries(Bundle=slf4j.api_1.7.36 [434])
2023-05-17 13:36:59,270 [Worker-66: Launching Project (1)] INFO  o.eclipse.m2e.core.internal.Bundles - 	Entry: /Users/rishianiga/.p2/pool/plugins/slf4j.api_1.7.36.jar
2023-05-17 13:36:59,270 [Worker-66: Launching Project (1)] INFO  o.eclipse.m2e.core.internal.Bundles - getClasspathEntries(Bundle=javax.inject_1.0.0.v20220405-0441 [21])
2023-05-17 13:36:59,280 [Worker-66: Launching Project (1)] INFO  o.eclipse.m2e.core.internal.Bundles - 	Entry: /Users/rishianiga/.p2/pool/plugins/javax.inject_1.0.0.v20220405-0441.jar
2023-05-17 13:36:59,280 [Worker-66: Launching Project (1)] INFO  o.eclipse.m2e.core.internal.Bundles - getClasspathEntries(Bundle=javax.annotation_1.3.5.v20221203-1659 [19])
2023-05-17 13:36:59,286 [Worker-66: Launching Project (1)] INFO  o.eclipse.m2e.core.internal.Bundles - 	Entry: /Users/rishianiga/.p2/pool/plugins/javax.annotation_1.3.5.v20221203-1659.jar
2023-05-17 13:36:59,287 [Worker-66: Launching Project (1)] INFO  o.eclipse.m2e.core.internal.Bundles - getClasspathEntries(Bundle=org.apache.commons.cli_1.4.0.v20221112-0806 [41])
2023-05-17 13:36:59,289 [Worker-66: Launching Project (1)] INFO  o.eclipse.m2e.core.internal.Bundles - 	Entry: /Users/rishianiga/.p2/pool/plugins/org.apache.commons.cli_1.4.0.v20221112-0806.jar
2023-05-17 13:36:59,289 [Worker-66: Launching Project (1)] INFO  o.eclipse.m2e.core.internal.Bundles - getClasspathEntries(Bundle=com.google.guava.failureaccess_1.0.1 [11])
2023-05-17 13:36:59,289 [Worker-66: Launching Project (1)] INFO  o.eclipse.m2e.core.internal.Bundles - 	Entry: /Users/rishianiga/.p2/pool/plugins/com.google.guava.failureaccess_1.0.1.jar
2023-05-17 13:36:59,299 [Worker-66: Launching Project (1)] INFO  o.e.m.i.launch.MavenLaunchDelegate - Run build in "/Users/rishianiga/ApacheSparkLearning/Project":
2023-05-17 13:36:59,306 [Worker-66: Launching Project (1)] INFO  o.e.m.i.launch.MavenLaunchDelegate -  mvn  -B -Dstyle.color=always eclipse:eclipse
2023-05-28 18:02:52,961 [Worker-8: Loading available Gradle versions] INFO  o.e.b.c.i.u.g.PublishedGradleVersions - Gradle version information cache is out-of-date. Trying to update.
2023-05-28 18:03:29,420 [Worker-11: Launching Project (1)] INFO  o.eclipse.m2e.core.internal.Bundles - getClasspathEntries(Bundle=org.eclipse.m2e.maven.runtime_3.8.701.20230209-1606 [267])
2023-05-28 18:03:29,440 [Worker-11: Launching Project (1)] INFO  o.eclipse.m2e.core.internal.Bundles - 	Entry: /Users/rishianiga/.p2/pool/plugins/org.eclipse.m2e.maven.runtime_3.8.701.20230209-1606
2023-05-28 18:03:29,441 [Worker-11: Launching Project (1)] INFO  o.eclipse.m2e.core.internal.Bundles - 	Entry: /Users/rishianiga/.p2/pool/plugins/org.eclipse.m2e.maven.runtime_3.8.701.20230209-1606/jars/aether-connector-okhttp-0.17.8.jar
2023-05-28 18:03:29,441 [Worker-11: Launching Project (1)] INFO  o.eclipse.m2e.core.internal.Bundles - 	Entry: /Users/rishianiga/.p2/pool/plugins/org.eclipse.m2e.maven.runtime_3.8.701.20230209-1606/jars/commons-lang3-3.8.1.jar
2023-05-28 18:03:29,441 [Worker-11: Launching Project (1)] INFO  o.eclipse.m2e.core.internal.Bundles - 	Entry: /Users/rishianiga/.p2/pool/plugins/org.eclipse.m2e.maven.runtime_3.8.701.20230209-1606/jars/guice-4.2.2-no_aop.jar
2023-05-28 18:03:29,441 [Worker-11: Launching Project (1)] INFO  o.eclipse.m2e.core.internal.Bundles - 	Entry: /Users/rishianiga/.p2/pool/plugins/org.eclipse.m2e.maven.runtime_3.8.701.20230209-1606/jars/jansi-2.4.0.jar
2023-05-28 18:03:29,441 [Worker-11: Launching Project (1)] INFO  o.eclipse.m2e.core.internal.Bundles - 	Entry: /Users/rishianiga/.p2/pool/plugins/org.eclipse.m2e.maven.runtime_3.8.701.20230209-1606/jars/maven-artifact-3.8.7.jar
2023-05-28 18:03:29,441 [Worker-11: Launching Project (1)] INFO  o.eclipse.m2e.core.internal.Bundles - 	Entry: /Users/rishianiga/.p2/pool/plugins/org.eclipse.m2e.maven.runtime_3.8.701.20230209-1606/jars/maven-builder-support-3.8.7.jar
2023-05-28 18:03:29,441 [Worker-11: Launching Project (1)] INFO  o.eclipse.m2e.core.internal.Bundles - 	Entry: /Users/rishianiga/.p2/pool/plugins/org.eclipse.m2e.maven.runtime_3.8.701.20230209-1606/jars/maven-compat-3.8.7.jar
2023-05-28 18:03:29,441 [Worker-11: Launching Project (1)] INFO  o.eclipse.m2e.core.internal.Bundles - 	Entry: /Users/rishianiga/.p2/pool/plugins/org.eclipse.m2e.maven.runtime_3.8.701.20230209-1606/jars/maven-core-3.8.7.jar
2023-05-28 18:03:29,441 [Worker-11: Launching Project (1)] INFO  o.eclipse.m2e.core.internal.Bundles - 	Entry: /Users/rishianiga/.p2/pool/plugins/org.eclipse.m2e.maven.runtime_3.8.701.20230209-1606/jars/maven-embedder-3.8.7.jar
2023-05-28 18:03:29,441 [Worker-11: Launching Project (1)] INFO  o.eclipse.m2e.core.internal.Bundles - 	Entry: /Users/rishianiga/.p2/pool/plugins/org.eclipse.m2e.maven.runtime_3.8.701.20230209-1606/jars/maven-model-3.8.7.jar
2023-05-28 18:03:29,441 [Worker-11: Launching Project (1)] INFO  o.eclipse.m2e.core.internal.Bundles - 	Entry: /Users/rishianiga/.p2/pool/plugins/org.eclipse.m2e.maven.runtime_3.8.701.20230209-1606/jars/maven-model-builder-3.8.7.jar
2023-05-28 18:03:29,441 [Worker-11: Launching Project (1)] INFO  o.eclipse.m2e.core.internal.Bundles - 	Entry: /Users/rishianiga/.p2/pool/plugins/org.eclipse.m2e.maven.runtime_3.8.701.20230209-1606/jars/maven-plugin-api-3.8.7.jar
2023-05-28 18:03:29,441 [Worker-11: Launching Project (1)] INFO  o.eclipse.m2e.core.internal.Bundles - 	Entry: /Users/rishianiga/.p2/pool/plugins/org.eclipse.m2e.maven.runtime_3.8.701.20230209-1606/jars/maven-repository-metadata-3.8.7.jar
2023-05-28 18:03:29,441 [Worker-11: Launching Project (1)] INFO  o.eclipse.m2e.core.internal.Bundles - 	Entry: /Users/rishianiga/.p2/pool/plugins/org.eclipse.m2e.maven.runtime_3.8.701.20230209-1606/jars/maven-resolver-api-1.6.3.jar
2023-05-28 18:03:29,442 [Worker-11: Launching Project (1)] INFO  o.eclipse.m2e.core.internal.Bundles - 	Entry: /Users/rishianiga/.p2/pool/plugins/org.eclipse.m2e.maven.runtime_3.8.701.20230209-1606/jars/maven-resolver-connector-basic-1.6.3.jar
2023-05-28 18:03:29,442 [Worker-11: Launching Project (1)] INFO  o.eclipse.m2e.core.internal.Bundles - 	Entry: /Users/rishianiga/.p2/pool/plugins/org.eclipse.m2e.maven.runtime_3.8.701.20230209-1606/jars/maven-resolver-impl-1.6.3.jar
2023-05-28 18:03:29,442 [Worker-11: Launching Project (1)] INFO  o.eclipse.m2e.core.internal.Bundles - 	Entry: /Users/rishianiga/.p2/pool/plugins/org.eclipse.m2e.maven.runtime_3.8.701.20230209-1606/jars/maven-resolver-provider-3.8.7.jar
2023-05-28 18:03:29,442 [Worker-11: Launching Project (1)] INFO  o.eclipse.m2e.core.internal.Bundles - 	Entry: /Users/rishianiga/.p2/pool/plugins/org.eclipse.m2e.maven.runtime_3.8.701.20230209-1606/jars/maven-resolver-spi-1.6.3.jar
2023-05-28 18:03:29,442 [Worker-11: Launching Project (1)] INFO  o.eclipse.m2e.core.internal.Bundles - 	Entry: /Users/rishianiga/.p2/pool/plugins/org.eclipse.m2e.maven.runtime_3.8.701.20230209-1606/jars/maven-resolver-transport-wagon-1.6.3.jar
2023-05-28 18:03:29,442 [Worker-11: Launching Project (1)] INFO  o.eclipse.m2e.core.internal.Bundles - 	Entry: /Users/rishianiga/.p2/pool/plugins/org.eclipse.m2e.maven.runtime_3.8.701.20230209-1606/jars/maven-resolver-util-1.6.3.jar
2023-05-28 18:03:29,442 [Worker-11: Launching Project (1)] INFO  o.eclipse.m2e.core.internal.Bundles - 	Entry: /Users/rishianiga/.p2/pool/plugins/org.eclipse.m2e.maven.runtime_3.8.701.20230209-1606/jars/maven-settings-3.8.7.jar
2023-05-28 18:03:29,442 [Worker-11: Launching Project (1)] INFO  o.eclipse.m2e.core.internal.Bundles - 	Entry: /Users/rishianiga/.p2/pool/plugins/org.eclipse.m2e.maven.runtime_3.8.701.20230209-1606/jars/maven-settings-builder-3.8.7.jar
2023-05-28 18:03:29,442 [Worker-11: Launching Project (1)] INFO  o.eclipse.m2e.core.internal.Bundles - 	Entry: /Users/rishianiga/.p2/pool/plugins/org.eclipse.m2e.maven.runtime_3.8.701.20230209-1606/jars/maven-shared-utils-3.3.4.jar
2023-05-28 18:03:29,442 [Worker-11: Launching Project (1)] INFO  o.eclipse.m2e.core.internal.Bundles - 	Entry: /Users/rishianiga/.p2/pool/plugins/org.eclipse.m2e.maven.runtime_3.8.701.20230209-1606/jars/okhttp-3.14.1.jar
2023-05-28 18:03:29,442 [Worker-11: Launching Project (1)] INFO  o.eclipse.m2e.core.internal.Bundles - 	Entry: /Users/rishianiga/.p2/pool/plugins/org.eclipse.m2e.maven.runtime_3.8.701.20230209-1606/jars/okio-1.17.3.jar
2023-05-28 18:03:29,442 [Worker-11: Launching Project (1)] INFO  o.eclipse.m2e.core.internal.Bundles - 	Entry: /Users/rishianiga/.p2/pool/plugins/org.eclipse.m2e.maven.runtime_3.8.701.20230209-1606/jars/org.eclipse.sisu.inject-0.3.5.jar
2023-05-28 18:03:29,442 [Worker-11: Launching Project (1)] INFO  o.eclipse.m2e.core.internal.Bundles - 	Entry: /Users/rishianiga/.p2/pool/plugins/org.eclipse.m2e.maven.runtime_3.8.701.20230209-1606/jars/org.eclipse.sisu.plexus-0.3.5.jar
2023-05-28 18:03:29,442 [Worker-11: Launching Project (1)] INFO  o.eclipse.m2e.core.internal.Bundles - 	Entry: /Users/rishianiga/.p2/pool/plugins/org.eclipse.m2e.maven.runtime_3.8.701.20230209-1606/jars/plexus-build-api-0.0.7.jar
2023-05-28 18:03:29,442 [Worker-11: Launching Project (1)] INFO  o.eclipse.m2e.core.internal.Bundles - 	Entry: /Users/rishianiga/.p2/pool/plugins/org.eclipse.m2e.maven.runtime_3.8.701.20230209-1606/jars/plexus-cipher-2.0.jar
2023-05-28 18:03:29,442 [Worker-11: Launching Project (1)] INFO  o.eclipse.m2e.core.internal.Bundles - 	Entry: /Users/rishianiga/.p2/pool/plugins/org.eclipse.m2e.maven.runtime_3.8.701.20230209-1606/jars/plexus-classworlds-2.6.0.jar
2023-05-28 18:03:29,442 [Worker-11: Launching Project (1)] INFO  o.eclipse.m2e.core.internal.Bundles - 	Entry: /Users/rishianiga/.p2/pool/plugins/org.eclipse.m2e.maven.runtime_3.8.701.20230209-1606/jars/plexus-component-annotations-2.1.0.jar
2023-05-28 18:03:29,442 [Worker-11: Launching Project (1)] INFO  o.eclipse.m2e.core.internal.Bundles - 	Entry: /Users/rishianiga/.p2/pool/plugins/org.eclipse.m2e.maven.runtime_3.8.701.20230209-1606/jars/plexus-interpolation-1.26.jar
2023-05-28 18:03:29,442 [Worker-11: Launching Project (1)] INFO  o.eclipse.m2e.core.internal.Bundles - 	Entry: /Users/rishianiga/.p2/pool/plugins/org.eclipse.m2e.maven.runtime_3.8.701.20230209-1606/jars/plexus-sec-dispatcher-2.0.jar
2023-05-28 18:03:29,442 [Worker-11: Launching Project (1)] INFO  o.eclipse.m2e.core.internal.Bundles - 	Entry: /Users/rishianiga/.p2/pool/plugins/org.eclipse.m2e.maven.runtime_3.8.701.20230209-1606/jars/plexus-utils-3.3.1.jar
2023-05-28 18:03:29,443 [Worker-11: Launching Project (1)] INFO  o.eclipse.m2e.core.internal.Bundles - 	Entry: /Users/rishianiga/.p2/pool/plugins/org.eclipse.m2e.maven.runtime_3.8.701.20230209-1606/jars/wagon-file-3.5.3.jar
2023-05-28 18:03:29,443 [Worker-11: Launching Project (1)] INFO  o.eclipse.m2e.core.internal.Bundles - 	Entry: /Users/rishianiga/.p2/pool/plugins/org.eclipse.m2e.maven.runtime_3.8.701.20230209-1606/jars/wagon-provider-api-3.5.3.jar
2023-05-28 18:03:29,445 [Worker-11: Launching Project (1)] INFO  o.eclipse.m2e.core.internal.Bundles - getClasspathEntries(Bundle=com.google.guava_31.1.0.jre [9])
2023-05-28 18:03:29,449 [Worker-11: Launching Project (1)] INFO  o.eclipse.m2e.core.internal.Bundles - 	Entry: /Users/rishianiga/.p2/pool/plugins/com.google.guava_31.1.0.jre.jar
2023-05-28 18:03:29,449 [Worker-11: Launching Project (1)] INFO  o.eclipse.m2e.core.internal.Bundles - getClasspathEntries(Bundle=slf4j.api_1.7.36 [434])
2023-05-28 18:03:29,450 [Worker-11: Launching Project (1)] INFO  o.eclipse.m2e.core.internal.Bundles - 	Entry: /Users/rishianiga/.p2/pool/plugins/slf4j.api_1.7.36.jar
2023-05-28 18:03:29,450 [Worker-11: Launching Project (1)] INFO  o.eclipse.m2e.core.internal.Bundles - getClasspathEntries(Bundle=javax.inject_1.0.0.v20220405-0441 [21])
2023-05-28 18:03:29,454 [Worker-11: Launching Project (1)] INFO  o.eclipse.m2e.core.internal.Bundles - 	Entry: /Users/rishianiga/.p2/pool/plugins/javax.inject_1.0.0.v20220405-0441.jar
2023-05-28 18:03:29,455 [Worker-11: Launching Project (1)] INFO  o.eclipse.m2e.core.internal.Bundles - getClasspathEntries(Bundle=javax.annotation_1.3.5.v20221203-1659 [19])
2023-05-28 18:03:29,456 [Worker-11: Launching Project (1)] INFO  o.eclipse.m2e.core.internal.Bundles - 	Entry: /Users/rishianiga/.p2/pool/plugins/javax.annotation_1.3.5.v20221203-1659.jar
2023-05-28 18:03:29,457 [Worker-11: Launching Project (1)] INFO  o.eclipse.m2e.core.internal.Bundles - getClasspathEntries(Bundle=org.apache.commons.cli_1.4.0.v20221112-0806 [41])
2023-05-28 18:03:29,458 [Worker-11: Launching Project (1)] INFO  o.eclipse.m2e.core.internal.Bundles - 	Entry: /Users/rishianiga/.p2/pool/plugins/org.apache.commons.cli_1.4.0.v20221112-0806.jar
2023-05-28 18:03:29,458 [Worker-11: Launching Project (1)] INFO  o.eclipse.m2e.core.internal.Bundles - getClasspathEntries(Bundle=com.google.guava.failureaccess_1.0.1 [11])
2023-05-28 18:03:29,459 [Worker-11: Launching Project (1)] INFO  o.eclipse.m2e.core.internal.Bundles - 	Entry: /Users/rishianiga/.p2/pool/plugins/com.google.guava.failureaccess_1.0.1.jar
2023-05-28 18:03:29,464 [Worker-11: Launching Project (1)] INFO  o.e.m.i.launch.MavenLaunchDelegate - Run build in "/Users/rishianiga/ApacheSparkLearning/Project":
2023-05-28 18:03:29,470 [Worker-11: Launching Project (1)] INFO  o.e.m.i.launch.MavenLaunchDelegate -  mvn  -B -Dstyle.color=always eclipse:eclipse
2023-05-28 18:04:20,185 [Worker-18: Launching Project (1)] INFO  o.e.m.i.launch.MavenLaunchDelegate - Run build in "/Users/rishianiga/ApacheSparkLearning/Project":
2023-05-28 18:04:20,190 [Worker-18: Launching Project (1)] INFO  o.e.m.i.launch.MavenLaunchDelegate -  mvn  -B -Dstyle.color=always eclipse:eclipse
2023-05-28 18:29:07,685 [Worker-59: Launching Project (1)] INFO  o.e.m.i.launch.MavenLaunchDelegate - Run build in "/Users/rishianiga/ApacheSparkLearning/Project":
2023-05-28 18:29:07,690 [Worker-59: Launching Project (1)] INFO  o.e.m.i.launch.MavenLaunchDelegate -  mvn  -B -Dstyle.color=always eclipse:eclipse
2023-05-29 10:53:57,299 [Worker-74: Launching Project (1)] INFO  o.e.m.i.launch.MavenLaunchDelegate - Run build in "/Users/rishianiga/ApacheSparkLearning/Project":
2023-05-29 10:53:57,309 [Worker-74: Launching Project (1)] INFO  o.e.m.i.launch.MavenLaunchDelegate -  mvn  -B -Dstyle.color=always eclipse:eclipse
2023-05-29 10:53:58,012 [Worker-74: Launching Project (1)] WARN  o.e.m.c.i.embedder.EclipseLogger - The POM for commons-codec:commons-codec:jar:1.15-SNAPSHOT is missing, no dependency information available
2023-05-29 10:53:58,012 [Worker-76: reload maven project] WARN  o.e.m.c.i.embedder.EclipseLogger - The POM for commons-codec:commons-codec:jar:1.15-SNAPSHOT is missing, no dependency information available
2023-05-29 10:53:58,635 [Worker-74: Launching Project (1)] INFO  o.e.m.c.i.e.AbstractTransferListenerAdapter - Downloading https://repo.maven.apache.org/maven2/org/apache/spark/spark-sql_2.11/2.3.2/spark-sql_2.11-2.3.2.pom
2023-05-29 10:53:58,635 [Worker-76: reload maven project] INFO  o.e.m.c.i.e.AbstractTransferListenerAdapter - Downloading https://repo.maven.apache.org/maven2/org/apache/spark/spark-sql_2.11/2.3.2/spark-sql_2.11-2.3.2.pom
2023-05-29 10:53:58,673 [Worker-74: Launching Project (1)] INFO  o.e.m.c.i.e.AbstractTransferListenerAdapter - Downloaded https://repo.maven.apache.org/maven2/org/apache/spark/spark-sql_2.11/2.3.2/spark-sql_2.11-2.3.2.pom
2023-05-29 10:53:58,673 [Worker-76: reload maven project] INFO  o.e.m.c.i.e.AbstractTransferListenerAdapter - Downloaded https://repo.maven.apache.org/maven2/org/apache/spark/spark-sql_2.11/2.3.2/spark-sql_2.11-2.3.2.pom
2023-05-29 10:53:58,724 [Worker-76: reload maven project] INFO  o.e.m.c.i.e.AbstractTransferListenerAdapter - Downloading https://repo.maven.apache.org/maven2/org/apache/spark/spark-sketch_2.11/2.3.2/spark-sketch_2.11-2.3.2.pom
2023-05-29 10:53:58,727 [Worker-74: Launching Project (1)] INFO  o.e.m.c.i.e.AbstractTransferListenerAdapter - Downloading https://repo.maven.apache.org/maven2/org/apache/spark/spark-sketch_2.11/2.3.2/spark-sketch_2.11-2.3.2.pom
2023-05-29 10:53:58,759 [Worker-74: Launching Project (1)] INFO  o.e.m.c.i.e.AbstractTransferListenerAdapter - Downloaded https://repo.maven.apache.org/maven2/org/apache/spark/spark-sketch_2.11/2.3.2/spark-sketch_2.11-2.3.2.pom
2023-05-29 10:53:58,761 [Worker-76: reload maven project] INFO  o.e.m.c.i.e.AbstractTransferListenerAdapter - Downloaded https://repo.maven.apache.org/maven2/org/apache/spark/spark-sketch_2.11/2.3.2/spark-sketch_2.11-2.3.2.pom
2023-05-29 10:53:58,801 [Worker-76: reload maven project] INFO  o.e.m.c.i.e.AbstractTransferListenerAdapter - Downloading https://repo.maven.apache.org/maven2/org/apache/spark/spark-catalyst_2.11/2.3.2/spark-catalyst_2.11-2.3.2.pom
2023-05-29 10:53:58,812 [Worker-74: Launching Project (1)] INFO  o.e.m.c.i.e.AbstractTransferListenerAdapter - Downloading https://repo.maven.apache.org/maven2/org/apache/spark/spark-catalyst_2.11/2.3.2/spark-catalyst_2.11-2.3.2.pom
2023-05-29 10:53:58,843 [Worker-76: reload maven project] INFO  o.e.m.c.i.e.AbstractTransferListenerAdapter - Downloaded https://repo.maven.apache.org/maven2/org/apache/spark/spark-catalyst_2.11/2.3.2/spark-catalyst_2.11-2.3.2.pom
2023-05-29 10:53:58,843 [Worker-74: Launching Project (1)] INFO  o.e.m.c.i.e.AbstractTransferListenerAdapter - Downloaded https://repo.maven.apache.org/maven2/org/apache/spark/spark-catalyst_2.11/2.3.2/spark-catalyst_2.11-2.3.2.pom
2023-05-29 10:53:58,915 [Worker-74: Launching Project (1)] INFO  o.e.m.c.i.e.AbstractTransferListenerAdapter - Downloading https://repo.maven.apache.org/maven2/org/apache/orc/orc-core/1.4.4/orc-core-1.4.4.pom
2023-05-29 10:53:58,924 [Worker-76: reload maven project] INFO  o.e.m.c.i.e.AbstractTransferListenerAdapter - Downloading https://repo.maven.apache.org/maven2/org/apache/orc/orc-core/1.4.4/orc-core-1.4.4.pom
2023-05-29 10:53:58,945 [Worker-74: Launching Project (1)] INFO  o.e.m.c.i.e.AbstractTransferListenerAdapter - Downloaded https://repo.maven.apache.org/maven2/org/apache/orc/orc-core/1.4.4/orc-core-1.4.4.pom
2023-05-29 10:53:58,949 [Worker-76: reload maven project] INFO  o.e.m.c.i.e.AbstractTransferListenerAdapter - Downloaded https://repo.maven.apache.org/maven2/org/apache/orc/orc-core/1.4.4/orc-core-1.4.4.pom
2023-05-29 10:53:58,975 [Worker-76: reload maven project] INFO  o.e.m.c.i.e.AbstractTransferListenerAdapter - Downloading https://repo.maven.apache.org/maven2/org/apache/orc/orc/1.4.4/orc-1.4.4.pom
2023-05-29 10:53:58,980 [Worker-74: Launching Project (1)] INFO  o.e.m.c.i.e.AbstractTransferListenerAdapter - Downloading https://repo.maven.apache.org/maven2/org/apache/orc/orc/1.4.4/orc-1.4.4.pom
2023-05-29 10:53:59,011 [Worker-76: reload maven project] INFO  o.e.m.c.i.e.AbstractTransferListenerAdapter - Downloaded https://repo.maven.apache.org/maven2/org/apache/orc/orc/1.4.4/orc-1.4.4.pom
2023-05-29 10:53:59,013 [Worker-74: Launching Project (1)] INFO  o.e.m.c.i.e.AbstractTransferListenerAdapter - Downloaded https://repo.maven.apache.org/maven2/org/apache/orc/orc/1.4.4/orc-1.4.4.pom
2023-05-29 10:53:59,068 [Worker-74: Launching Project (1)] INFO  o.e.m.c.i.e.AbstractTransferListenerAdapter - Downloading https://repo.maven.apache.org/maven2/org/apache/orc/orc-mapreduce/1.4.4/orc-mapreduce-1.4.4.pom
2023-05-29 10:53:59,068 [Worker-76: reload maven project] INFO  o.e.m.c.i.e.AbstractTransferListenerAdapter - Downloading https://repo.maven.apache.org/maven2/org/apache/orc/orc-mapreduce/1.4.4/orc-mapreduce-1.4.4.pom
2023-05-29 10:53:59,094 [Worker-76: reload maven project] INFO  o.e.m.c.i.e.AbstractTransferListenerAdapter - Downloaded https://repo.maven.apache.org/maven2/org/apache/orc/orc-mapreduce/1.4.4/orc-mapreduce-1.4.4.pom
2023-05-29 10:53:59,109 [Worker-74: Launching Project (1)] INFO  o.e.m.c.i.e.AbstractTransferListenerAdapter - Downloaded https://repo.maven.apache.org/maven2/org/apache/orc/orc-mapreduce/1.4.4/orc-mapreduce-1.4.4.pom
2023-05-29 10:53:59,128 [Worker-76: reload maven project] INFO  o.e.m.c.i.e.AbstractTransferListenerAdapter - Downloading https://repo.maven.apache.org/maven2/org/apache/parquet/parquet-column/1.8.3/parquet-column-1.8.3.pom
2023-05-29 10:53:59,134 [Worker-74: Launching Project (1)] INFO  o.e.m.c.i.e.AbstractTransferListenerAdapter - Downloading https://repo.maven.apache.org/maven2/org/apache/parquet/parquet-column/1.8.3/parquet-column-1.8.3.pom
2023-05-29 10:53:59,149 [Worker-76: reload maven project] INFO  o.e.m.c.i.e.AbstractTransferListenerAdapter - Downloaded https://repo.maven.apache.org/maven2/org/apache/parquet/parquet-column/1.8.3/parquet-column-1.8.3.pom
2023-05-29 10:53:59,159 [Worker-74: Launching Project (1)] INFO  o.e.m.c.i.e.AbstractTransferListenerAdapter - Downloaded https://repo.maven.apache.org/maven2/org/apache/parquet/parquet-column/1.8.3/parquet-column-1.8.3.pom
2023-05-29 10:53:59,177 [Worker-76: reload maven project] INFO  o.e.m.c.i.e.AbstractTransferListenerAdapter - Downloading https://repo.maven.apache.org/maven2/org/apache/parquet/parquet/1.8.3/parquet-1.8.3.pom
2023-05-29 10:53:59,185 [Worker-74: Launching Project (1)] INFO  o.e.m.c.i.e.AbstractTransferListenerAdapter - Downloading https://repo.maven.apache.org/maven2/org/apache/parquet/parquet/1.8.3/parquet-1.8.3.pom
2023-05-29 10:53:59,202 [Worker-76: reload maven project] INFO  o.e.m.c.i.e.AbstractTransferListenerAdapter - Downloaded https://repo.maven.apache.org/maven2/org/apache/parquet/parquet/1.8.3/parquet-1.8.3.pom
2023-05-29 10:53:59,203 [Worker-74: Launching Project (1)] INFO  o.e.m.c.i.e.AbstractTransferListenerAdapter - Downloaded https://repo.maven.apache.org/maven2/org/apache/parquet/parquet/1.8.3/parquet-1.8.3.pom
2023-05-29 10:53:59,252 [Worker-76: reload maven project] INFO  o.e.m.c.i.e.AbstractTransferListenerAdapter - Downloading https://repo.maven.apache.org/maven2/org/apache/parquet/parquet-common/1.8.3/parquet-common-1.8.3.pom
2023-05-29 10:53:59,252 [Worker-74: Launching Project (1)] INFO  o.e.m.c.i.e.AbstractTransferListenerAdapter - Downloading https://repo.maven.apache.org/maven2/org/apache/parquet/parquet-common/1.8.3/parquet-common-1.8.3.pom
2023-05-29 10:53:59,277 [Worker-74: Launching Project (1)] INFO  o.e.m.c.i.e.AbstractTransferListenerAdapter - Downloaded https://repo.maven.apache.org/maven2/org/apache/parquet/parquet-common/1.8.3/parquet-common-1.8.3.pom
2023-05-29 10:53:59,278 [Worker-76: reload maven project] INFO  o.e.m.c.i.e.AbstractTransferListenerAdapter - Downloaded https://repo.maven.apache.org/maven2/org/apache/parquet/parquet-common/1.8.3/parquet-common-1.8.3.pom
2023-05-29 10:53:59,317 [Worker-76: reload maven project] INFO  o.e.m.c.i.e.AbstractTransferListenerAdapter - Downloading https://repo.maven.apache.org/maven2/org/apache/parquet/parquet-encoding/1.8.3/parquet-encoding-1.8.3.pom
2023-05-29 10:53:59,345 [Worker-74: Launching Project (1)] INFO  o.e.m.c.i.e.AbstractTransferListenerAdapter - Downloading https://repo.maven.apache.org/maven2/org/apache/parquet/parquet-encoding/1.8.3/parquet-encoding-1.8.3.pom
2023-05-29 10:53:59,365 [Worker-74: Launching Project (1)] INFO  o.e.m.c.i.e.AbstractTransferListenerAdapter - Downloaded https://repo.maven.apache.org/maven2/org/apache/parquet/parquet-encoding/1.8.3/parquet-encoding-1.8.3.pom
2023-05-29 10:53:59,366 [Worker-76: reload maven project] INFO  o.e.m.c.i.e.AbstractTransferListenerAdapter - Downloaded https://repo.maven.apache.org/maven2/org/apache/parquet/parquet-encoding/1.8.3/parquet-encoding-1.8.3.pom
2023-05-29 10:53:59,396 [Worker-76: reload maven project] INFO  o.e.m.c.i.e.AbstractTransferListenerAdapter - Downloading https://repo.maven.apache.org/maven2/org/apache/parquet/parquet-hadoop/1.8.3/parquet-hadoop-1.8.3.pom
2023-05-29 10:53:59,396 [Worker-74: Launching Project (1)] INFO  o.e.m.c.i.e.AbstractTransferListenerAdapter - Downloading https://repo.maven.apache.org/maven2/org/apache/parquet/parquet-hadoop/1.8.3/parquet-hadoop-1.8.3.pom
2023-05-29 10:53:59,418 [Worker-74: Launching Project (1)] INFO  o.e.m.c.i.e.AbstractTransferListenerAdapter - Downloaded https://repo.maven.apache.org/maven2/org/apache/parquet/parquet-hadoop/1.8.3/parquet-hadoop-1.8.3.pom
2023-05-29 10:53:59,418 [Worker-76: reload maven project] INFO  o.e.m.c.i.e.AbstractTransferListenerAdapter - Downloaded https://repo.maven.apache.org/maven2/org/apache/parquet/parquet-hadoop/1.8.3/parquet-hadoop-1.8.3.pom
2023-05-29 10:53:59,440 [Worker-76: reload maven project] INFO  o.e.m.c.i.e.AbstractTransferListenerAdapter - Downloading https://repo.maven.apache.org/maven2/org/apache/parquet/parquet-jackson/1.8.3/parquet-jackson-1.8.3.pom
2023-05-29 10:53:59,446 [Worker-74: Launching Project (1)] INFO  o.e.m.c.i.e.AbstractTransferListenerAdapter - Downloading https://repo.maven.apache.org/maven2/org/apache/parquet/parquet-jackson/1.8.3/parquet-jackson-1.8.3.pom
2023-05-29 10:53:59,464 [Worker-76: reload maven project] INFO  o.e.m.c.i.e.AbstractTransferListenerAdapter - Downloaded https://repo.maven.apache.org/maven2/org/apache/parquet/parquet-jackson/1.8.3/parquet-jackson-1.8.3.pom
2023-05-29 10:53:59,466 [Worker-74: Launching Project (1)] INFO  o.e.m.c.i.e.AbstractTransferListenerAdapter - Downloaded https://repo.maven.apache.org/maven2/org/apache/parquet/parquet-jackson/1.8.3/parquet-jackson-1.8.3.pom
2023-05-29 10:53:59,597 [AetherRepositoryConnector-repo.maven.apache.org-0-0] INFO  o.e.m.c.i.e.AbstractTransferListenerAdapter - Downloading https://repo.maven.apache.org/maven2/org/apache/spark/spark-sql_2.11/2.3.2/spark-sql_2.11-2.3.2.jar
2023-05-29 10:53:59,603 [AetherRepositoryConnector-repo.maven.apache.org-1-0] INFO  o.e.m.c.i.e.AbstractTransferListenerAdapter - Downloading https://repo.maven.apache.org/maven2/org/apache/spark/spark-sql_2.11/2.3.2/spark-sql_2.11-2.3.2.jar
2023-05-29 10:53:59,621 [AetherRepositoryConnector-repo.maven.apache.org-0-2] INFO  o.e.m.c.i.e.AbstractTransferListenerAdapter - Downloading https://repo.maven.apache.org/maven2/org/apache/spark/spark-catalyst_2.11/2.3.2/spark-catalyst_2.11-2.3.2.jar
2023-05-29 10:53:59,621 [AetherRepositoryConnector-repo.maven.apache.org-0-1] INFO  o.e.m.c.i.e.AbstractTransferListenerAdapter - Downloading https://repo.maven.apache.org/maven2/org/apache/spark/spark-sketch_2.11/2.3.2/spark-sketch_2.11-2.3.2.jar
2023-05-29 10:53:59,621 [AetherRepositoryConnector-repo.maven.apache.org-0-3] INFO  o.e.m.c.i.e.AbstractTransferListenerAdapter - Downloading https://repo.maven.apache.org/maven2/org/apache/orc/orc-core/1.4.4/orc-core-1.4.4-nohive.jar
2023-05-29 10:53:59,631 [AetherRepositoryConnector-repo.maven.apache.org-1-2] INFO  o.e.m.c.i.e.AbstractTransferListenerAdapter - Downloading https://repo.maven.apache.org/maven2/org/apache/spark/spark-catalyst_2.11/2.3.2/spark-catalyst_2.11-2.3.2.jar
2023-05-29 10:53:59,641 [AetherRepositoryConnector-repo.maven.apache.org-1-3] INFO  o.e.m.c.i.e.AbstractTransferListenerAdapter - Downloading https://repo.maven.apache.org/maven2/org/apache/orc/orc-core/1.4.4/orc-core-1.4.4-nohive.jar
2023-05-29 10:53:59,641 [AetherRepositoryConnector-repo.maven.apache.org-1-1] INFO  o.e.m.c.i.e.AbstractTransferListenerAdapter - Downloading https://repo.maven.apache.org/maven2/org/apache/spark/spark-sketch_2.11/2.3.2/spark-sketch_2.11-2.3.2.jar
2023-05-29 10:53:59,641 [AetherRepositoryConnector-repo.maven.apache.org-1-4] INFO  o.e.m.c.i.e.AbstractTransferListenerAdapter - Downloading https://repo.maven.apache.org/maven2/org/apache/orc/orc-mapreduce/1.4.4/orc-mapreduce-1.4.4-nohive.jar
2023-05-29 10:53:59,649 [AetherRepositoryConnector-repo.maven.apache.org-0-4] INFO  o.e.m.c.i.e.AbstractTransferListenerAdapter - Downloading https://repo.maven.apache.org/maven2/org/apache/orc/orc-mapreduce/1.4.4/orc-mapreduce-1.4.4-nohive.jar
2023-05-29 10:53:59,800 [AetherRepositoryConnector-repo.maven.apache.org-1-1] INFO  o.e.m.c.i.e.AbstractTransferListenerAdapter - Downloaded https://repo.maven.apache.org/maven2/org/apache/spark/spark-sketch_2.11/2.3.2/spark-sketch_2.11-2.3.2.jar
2023-05-29 10:53:59,817 [AetherRepositoryConnector-repo.maven.apache.org-0-1] INFO  o.e.m.c.i.e.AbstractTransferListenerAdapter - Downloaded https://repo.maven.apache.org/maven2/org/apache/spark/spark-sketch_2.11/2.3.2/spark-sketch_2.11-2.3.2.jar
2023-05-29 10:54:00,112 [AetherRepositoryConnector-repo.maven.apache.org-1-1] INFO  o.e.m.c.i.e.AbstractTransferListenerAdapter - Downloading https://repo.maven.apache.org/maven2/org/apache/parquet/parquet-column/1.8.3/parquet-column-1.8.3.jar
2023-05-29 10:54:00,115 [AetherRepositoryConnector-repo.maven.apache.org-1-4] INFO  o.e.m.c.i.e.AbstractTransferListenerAdapter - Downloaded https://repo.maven.apache.org/maven2/org/apache/orc/orc-mapreduce/1.4.4/orc-mapreduce-1.4.4-nohive.jar
2023-05-29 10:54:00,117 [AetherRepositoryConnector-repo.maven.apache.org-1-3] INFO  o.e.m.c.i.e.AbstractTransferListenerAdapter - Downloaded https://repo.maven.apache.org/maven2/org/apache/orc/orc-core/1.4.4/orc-core-1.4.4-nohive.jar
2023-05-29 10:54:00,144 [AetherRepositoryConnector-repo.maven.apache.org-0-1] INFO  o.e.m.c.i.e.AbstractTransferListenerAdapter - Downloading https://repo.maven.apache.org/maven2/org/apache/parquet/parquet-column/1.8.3/parquet-column-1.8.3.jar
2023-05-29 10:54:00,144 [AetherRepositoryConnector-repo.maven.apache.org-0-4] INFO  o.e.m.c.i.e.AbstractTransferListenerAdapter - Downloaded https://repo.maven.apache.org/maven2/org/apache/orc/orc-mapreduce/1.4.4/orc-mapreduce-1.4.4-nohive.jar
2023-05-29 10:54:00,145 [AetherRepositoryConnector-repo.maven.apache.org-0-3] INFO  o.e.m.c.i.e.AbstractTransferListenerAdapter - Downloaded https://repo.maven.apache.org/maven2/org/apache/orc/orc-core/1.4.4/orc-core-1.4.4-nohive.jar
2023-05-29 10:54:00,192 [AetherRepositoryConnector-repo.maven.apache.org-1-4] INFO  o.e.m.c.i.e.AbstractTransferListenerAdapter - Downloading https://repo.maven.apache.org/maven2/org/apache/parquet/parquet-common/1.8.3/parquet-common-1.8.3.jar
2023-05-29 10:54:00,192 [AetherRepositoryConnector-repo.maven.apache.org-1-3] INFO  o.e.m.c.i.e.AbstractTransferListenerAdapter - Downloading https://repo.maven.apache.org/maven2/org/apache/parquet/parquet-encoding/1.8.3/parquet-encoding-1.8.3.jar
2023-05-29 10:54:00,214 [AetherRepositoryConnector-repo.maven.apache.org-1-1] INFO  o.e.m.c.i.e.AbstractTransferListenerAdapter - Downloaded https://repo.maven.apache.org/maven2/org/apache/parquet/parquet-column/1.8.3/parquet-column-1.8.3.jar
2023-05-29 10:54:00,219 [AetherRepositoryConnector-repo.maven.apache.org-1-4] INFO  o.e.m.c.i.e.AbstractTransferListenerAdapter - Downloaded https://repo.maven.apache.org/maven2/org/apache/parquet/parquet-common/1.8.3/parquet-common-1.8.3.jar
2023-05-29 10:54:00,234 [AetherRepositoryConnector-repo.maven.apache.org-0-4] INFO  o.e.m.c.i.e.AbstractTransferListenerAdapter - Downloading https://repo.maven.apache.org/maven2/org/apache/parquet/parquet-common/1.8.3/parquet-common-1.8.3.jar
2023-05-29 10:54:00,235 [AetherRepositoryConnector-repo.maven.apache.org-0-3] INFO  o.e.m.c.i.e.AbstractTransferListenerAdapter - Downloading https://repo.maven.apache.org/maven2/org/apache/parquet/parquet-encoding/1.8.3/parquet-encoding-1.8.3.jar
2023-05-29 10:54:00,249 [AetherRepositoryConnector-repo.maven.apache.org-1-1] INFO  o.e.m.c.i.e.AbstractTransferListenerAdapter - Downloading https://repo.maven.apache.org/maven2/org/apache/parquet/parquet-hadoop/1.8.3/parquet-hadoop-1.8.3.jar
2023-05-29 10:54:00,254 [AetherRepositoryConnector-repo.maven.apache.org-1-3] INFO  o.e.m.c.i.e.AbstractTransferListenerAdapter - Downloaded https://repo.maven.apache.org/maven2/org/apache/parquet/parquet-encoding/1.8.3/parquet-encoding-1.8.3.jar
2023-05-29 10:54:00,263 [AetherRepositoryConnector-repo.maven.apache.org-1-4] INFO  o.e.m.c.i.e.AbstractTransferListenerAdapter - Downloading https://repo.maven.apache.org/maven2/org/apache/parquet/parquet-jackson/1.8.3/parquet-jackson-1.8.3.jar
2023-05-29 10:54:00,264 [AetherRepositoryConnector-repo.maven.apache.org-0-1] INFO  o.e.m.c.i.e.AbstractTransferListenerAdapter - Downloaded https://repo.maven.apache.org/maven2/org/apache/parquet/parquet-column/1.8.3/parquet-column-1.8.3.jar
2023-05-29 10:54:00,271 [AetherRepositoryConnector-repo.maven.apache.org-0-4] INFO  o.e.m.c.i.e.AbstractTransferListenerAdapter - Downloaded https://repo.maven.apache.org/maven2/org/apache/parquet/parquet-common/1.8.3/parquet-common-1.8.3.jar
2023-05-29 10:54:00,284 [AetherRepositoryConnector-repo.maven.apache.org-1-1] INFO  o.e.m.c.i.e.AbstractTransferListenerAdapter - Downloaded https://repo.maven.apache.org/maven2/org/apache/parquet/parquet-hadoop/1.8.3/parquet-hadoop-1.8.3.jar
2023-05-29 10:54:00,300 [AetherRepositoryConnector-repo.maven.apache.org-0-1] INFO  o.e.m.c.i.e.AbstractTransferListenerAdapter - Downloading https://repo.maven.apache.org/maven2/org/apache/parquet/parquet-hadoop/1.8.3/parquet-hadoop-1.8.3.jar
2023-05-29 10:54:00,301 [AetherRepositoryConnector-repo.maven.apache.org-1-0] INFO  o.e.m.c.i.e.AbstractTransferListenerAdapter - Downloaded https://repo.maven.apache.org/maven2/org/apache/spark/spark-sql_2.11/2.3.2/spark-sql_2.11-2.3.2.jar
2023-05-29 10:54:00,307 [AetherRepositoryConnector-repo.maven.apache.org-0-3] INFO  o.e.m.c.i.e.AbstractTransferListenerAdapter - Downloaded https://repo.maven.apache.org/maven2/org/apache/parquet/parquet-encoding/1.8.3/parquet-encoding-1.8.3.jar
2023-05-29 10:54:00,313 [AetherRepositoryConnector-repo.maven.apache.org-0-4] INFO  o.e.m.c.i.e.AbstractTransferListenerAdapter - Downloading https://repo.maven.apache.org/maven2/org/apache/parquet/parquet-jackson/1.8.3/parquet-jackson-1.8.3.jar
2023-05-29 10:54:00,316 [AetherRepositoryConnector-repo.maven.apache.org-1-2] INFO  o.e.m.c.i.e.AbstractTransferListenerAdapter - Downloaded https://repo.maven.apache.org/maven2/org/apache/spark/spark-catalyst_2.11/2.3.2/spark-catalyst_2.11-2.3.2.jar
2023-05-29 10:54:00,330 [AetherRepositoryConnector-repo.maven.apache.org-0-1] INFO  o.e.m.c.i.e.AbstractTransferListenerAdapter - Downloaded https://repo.maven.apache.org/maven2/org/apache/parquet/parquet-hadoop/1.8.3/parquet-hadoop-1.8.3.jar
2023-05-29 10:54:00,336 [AetherRepositoryConnector-repo.maven.apache.org-0-2] INFO  o.e.m.c.i.e.AbstractTransferListenerAdapter - Downloaded https://repo.maven.apache.org/maven2/org/apache/spark/spark-catalyst_2.11/2.3.2/spark-catalyst_2.11-2.3.2.jar
2023-05-29 10:54:00,349 [AetherRepositoryConnector-repo.maven.apache.org-1-4] INFO  o.e.m.c.i.e.AbstractTransferListenerAdapter - Downloaded https://repo.maven.apache.org/maven2/org/apache/parquet/parquet-jackson/1.8.3/parquet-jackson-1.8.3.jar
2023-05-29 10:54:00,350 [AetherRepositoryConnector-repo.maven.apache.org-0-4] INFO  o.e.m.c.i.e.AbstractTransferListenerAdapter - Downloaded https://repo.maven.apache.org/maven2/org/apache/parquet/parquet-jackson/1.8.3/parquet-jackson-1.8.3.jar
2023-05-29 10:54:00,364 [AetherRepositoryConnector-repo.maven.apache.org-0-0] INFO  o.e.m.c.i.e.AbstractTransferListenerAdapter - Downloaded https://repo.maven.apache.org/maven2/org/apache/spark/spark-sql_2.11/2.3.2/spark-sql_2.11-2.3.2.jar
2023-05-29 10:54:00,602 [Worker-74: Launching Project (1)] WARN  o.e.m.c.i.embedder.EclipseLogger - The POM for commons-codec:commons-codec:jar:1.15-SNAPSHOT is missing, no dependency information available
2023-05-29 11:05:42,927 [Worker-79: Launching Project (1)] INFO  o.e.m.i.launch.MavenLaunchDelegate - Run build in "/Users/rishianiga/ApacheSparkLearning/Project":
2023-05-29 11:05:42,930 [Worker-79: Launching Project (1)] INFO  o.e.m.i.launch.MavenLaunchDelegate -  mvn  -B -Dstyle.color=always eclipse:eclipse
2023-05-29 11:05:43,353 [Worker-79: Launching Project (1)] WARN  o.e.m.c.i.embedder.EclipseLogger - The POM for commons-codec:commons-codec:jar:1.15-SNAPSHOT is missing, no dependency information available
2023-05-29 11:05:43,898 [Worker-79: Launching Project (1)] WARN  o.e.m.c.i.embedder.EclipseLogger - The POM for commons-codec:commons-codec:jar:1.15-SNAPSHOT is missing, no dependency information available
2023-05-31 10:55:31,097 [Worker-105: reload maven project] INFO  o.e.m.c.i.e.AbstractTransferListenerAdapter - Downloading https://repo.maven.apache.org/maven2/org/apache/spark/spark-core_2.11/2.3.1/spark-core_2.11-2.3.1.pom
2023-05-31 10:55:31,142 [Worker-105: reload maven project] INFO  o.e.m.c.i.e.AbstractTransferListenerAdapter - Downloaded https://repo.maven.apache.org/maven2/org/apache/spark/spark-core_2.11/2.3.1/spark-core_2.11-2.3.1.pom
2023-05-31 10:55:31,174 [Worker-105: reload maven project] INFO  o.e.m.c.i.e.AbstractTransferListenerAdapter - Downloading https://repo.maven.apache.org/maven2/org/apache/spark/spark-parent_2.11/2.3.1/spark-parent_2.11-2.3.1.pom
2023-05-31 10:55:31,219 [Worker-105: reload maven project] INFO  o.e.m.c.i.e.AbstractTransferListenerAdapter - Downloaded https://repo.maven.apache.org/maven2/org/apache/spark/spark-parent_2.11/2.3.1/spark-parent_2.11-2.3.1.pom
2023-05-31 10:55:31,850 [Worker-105: reload maven project] INFO  o.e.m.c.i.e.AbstractTransferListenerAdapter - Downloading https://repo.maven.apache.org/maven2/org/apache/spark/spark-tags_2.11/2.3.1/spark-tags_2.11-2.3.1.pom
2023-05-31 10:55:31,870 [Worker-105: reload maven project] INFO  o.e.m.c.i.e.AbstractTransferListenerAdapter - Downloaded https://repo.maven.apache.org/maven2/org/apache/spark/spark-tags_2.11/2.3.1/spark-tags_2.11-2.3.1.pom
2023-05-31 10:55:31,892 [Worker-105: reload maven project] INFO  o.e.m.c.i.e.AbstractTransferListenerAdapter - Downloading https://repo.maven.apache.org/maven2/org/apache/spark/spark-kvstore_2.11/2.3.1/spark-kvstore_2.11-2.3.1.pom
2023-05-31 10:55:31,913 [Worker-105: reload maven project] INFO  o.e.m.c.i.e.AbstractTransferListenerAdapter - Downloaded https://repo.maven.apache.org/maven2/org/apache/spark/spark-kvstore_2.11/2.3.1/spark-kvstore_2.11-2.3.1.pom
2023-05-31 10:55:31,946 [Worker-105: reload maven project] INFO  o.e.m.c.i.e.AbstractTransferListenerAdapter - Downloading https://repo.maven.apache.org/maven2/org/apache/spark/spark-network-common_2.11/2.3.1/spark-network-common_2.11-2.3.1.pom
2023-05-31 10:55:31,976 [Worker-105: reload maven project] INFO  o.e.m.c.i.e.AbstractTransferListenerAdapter - Downloaded https://repo.maven.apache.org/maven2/org/apache/spark/spark-network-common_2.11/2.3.1/spark-network-common_2.11-2.3.1.pom
2023-05-31 10:55:32,038 [Worker-105: reload maven project] INFO  o.e.m.c.i.e.AbstractTransferListenerAdapter - Downloading https://repo.maven.apache.org/maven2/org/apache/spark/spark-unsafe_2.11/2.3.1/spark-unsafe_2.11-2.3.1.pom
2023-05-31 10:55:32,077 [Worker-105: reload maven project] INFO  o.e.m.c.i.e.AbstractTransferListenerAdapter - Downloaded https://repo.maven.apache.org/maven2/org/apache/spark/spark-unsafe_2.11/2.3.1/spark-unsafe_2.11-2.3.1.pom
2023-05-31 10:55:32,161 [Worker-105: reload maven project] WARN  o.e.m.c.i.embedder.EclipseLogger - The POM for commons-codec:commons-codec:jar:1.15-SNAPSHOT is missing, no dependency information available
2023-05-31 10:55:32,472 [Worker-105: reload maven project] INFO  o.e.m.c.i.e.AbstractTransferListenerAdapter - Downloading https://repo.maven.apache.org/maven2/org/apache/spark/spark-graphx_2.11/2.3.1/spark-graphx_2.11-2.3.1.pom
2023-05-31 10:55:32,514 [Worker-105: reload maven project] INFO  o.e.m.c.i.e.AbstractTransferListenerAdapter - Downloaded https://repo.maven.apache.org/maven2/org/apache/spark/spark-graphx_2.11/2.3.1/spark-graphx_2.11-2.3.1.pom
2023-05-31 10:55:32,570 [Worker-105: reload maven project] INFO  o.e.m.c.i.e.AbstractTransferListenerAdapter - Downloading https://repo.maven.apache.org/maven2/org/apache/spark/spark-mllib-local_2.11/2.3.1/spark-mllib-local_2.11-2.3.1.pom
2023-05-31 10:55:32,596 [Worker-105: reload maven project] INFO  o.e.m.c.i.e.AbstractTransferListenerAdapter - Downloaded https://repo.maven.apache.org/maven2/org/apache/spark/spark-mllib-local_2.11/2.3.1/spark-mllib-local_2.11-2.3.1.pom
2023-05-31 10:55:32,880 [Worker-105: reload maven project] INFO  o.e.m.c.i.e.AbstractTransferListenerAdapter - Downloading https://repo.maven.apache.org/maven2/net/sf/opencsv/opencsv/2.3/opencsv-2.3.pom
2023-05-31 10:55:32,906 [Worker-105: reload maven project] INFO  o.e.m.c.i.e.AbstractTransferListenerAdapter - Downloaded https://repo.maven.apache.org/maven2/net/sf/opencsv/opencsv/2.3/opencsv-2.3.pom
2023-05-31 10:55:32,930 [Worker-105: reload maven project] INFO  o.e.m.c.i.e.AbstractTransferListenerAdapter - Downloading https://repo.maven.apache.org/maven2/com/github/rwl/jtransforms/2.4.0/jtransforms-2.4.0.pom
2023-05-31 10:55:32,956 [Worker-105: reload maven project] INFO  o.e.m.c.i.e.AbstractTransferListenerAdapter - Downloaded https://repo.maven.apache.org/maven2/com/github/rwl/jtransforms/2.4.0/jtransforms-2.4.0.pom
2023-05-31 10:55:32,978 [Worker-105: reload maven project] INFO  o.e.m.c.i.e.AbstractTransferListenerAdapter - Downloading https://repo.maven.apache.org/maven2/org/spire-math/spire_2.11/0.13.0/spire_2.11-0.13.0.pom
2023-05-31 10:55:32,994 [Worker-105: reload maven project] INFO  o.e.m.c.i.e.AbstractTransferListenerAdapter - Downloaded https://repo.maven.apache.org/maven2/org/spire-math/spire_2.11/0.13.0/spire_2.11-0.13.0.pom
2023-05-31 10:55:33,020 [Worker-105: reload maven project] INFO  o.e.m.c.i.e.AbstractTransferListenerAdapter - Downloading https://repo.maven.apache.org/maven2/org/spire-math/spire-macros_2.11/0.13.0/spire-macros_2.11-0.13.0.pom
2023-05-31 10:55:33,040 [Worker-105: reload maven project] INFO  o.e.m.c.i.e.AbstractTransferListenerAdapter - Downloaded https://repo.maven.apache.org/maven2/org/spire-math/spire-macros_2.11/0.13.0/spire-macros_2.11-0.13.0.pom
2023-05-31 10:55:33,062 [Worker-105: reload maven project] INFO  o.e.m.c.i.e.AbstractTransferListenerAdapter - Downloading https://repo.maven.apache.org/maven2/org/typelevel/machinist_2.11/0.6.1/machinist_2.11-0.6.1.pom
2023-05-31 10:55:33,086 [Worker-105: reload maven project] INFO  o.e.m.c.i.e.AbstractTransferListenerAdapter - Downloaded https://repo.maven.apache.org/maven2/org/typelevel/machinist_2.11/0.6.1/machinist_2.11-0.6.1.pom
2023-05-31 10:55:33,109 [Worker-105: reload maven project] INFO  o.e.m.c.i.e.AbstractTransferListenerAdapter - Downloading https://repo.maven.apache.org/maven2/com/chuusai/shapeless_2.11/2.3.2/shapeless_2.11-2.3.2.pom
2023-05-31 10:55:33,125 [Worker-105: reload maven project] INFO  o.e.m.c.i.e.AbstractTransferListenerAdapter - Downloaded https://repo.maven.apache.org/maven2/com/chuusai/shapeless_2.11/2.3.2/shapeless_2.11-2.3.2.pom
2023-05-31 10:55:33,147 [Worker-105: reload maven project] INFO  o.e.m.c.i.e.AbstractTransferListenerAdapter - Downloading https://repo.maven.apache.org/maven2/org/typelevel/macro-compat_2.11/1.1.1/macro-compat_2.11-1.1.1.pom
2023-05-31 10:55:33,184 [Worker-105: reload maven project] INFO  o.e.m.c.i.e.AbstractTransferListenerAdapter - Downloaded https://repo.maven.apache.org/maven2/org/typelevel/macro-compat_2.11/1.1.1/macro-compat_2.11-1.1.1.pom
2023-05-31 10:55:33,212 [Worker-105: reload maven project] INFO  o.e.m.c.i.e.AbstractTransferListenerAdapter - Downloading https://repo.maven.apache.org/maven2/org/apache/hadoop/hadoop-hdfs/3.1.1/hadoop-hdfs-3.1.1.pom
2023-05-31 10:55:33,265 [Worker-105: reload maven project] INFO  o.e.m.c.i.e.AbstractTransferListenerAdapter - Downloaded https://repo.maven.apache.org/maven2/org/apache/hadoop/hadoop-hdfs/3.1.1/hadoop-hdfs-3.1.1.pom
2023-05-31 10:55:33,312 [Worker-105: reload maven project] INFO  o.e.m.c.i.e.AbstractTransferListenerAdapter - Downloading https://repo.maven.apache.org/maven2/org/apache/hadoop/hadoop-project-dist/3.1.1/hadoop-project-dist-3.1.1.pom
2023-05-31 10:55:33,355 [Worker-105: reload maven project] INFO  o.e.m.c.i.e.AbstractTransferListenerAdapter - Downloaded https://repo.maven.apache.org/maven2/org/apache/hadoop/hadoop-project-dist/3.1.1/hadoop-project-dist-3.1.1.pom
2023-05-31 10:55:33,414 [Worker-105: reload maven project] INFO  o.e.m.c.i.e.AbstractTransferListenerAdapter - Downloading https://repo.maven.apache.org/maven2/org/apache/hadoop/hadoop-project/3.1.1/hadoop-project-3.1.1.pom
2023-05-31 10:55:33,451 [Worker-105: reload maven project] INFO  o.e.m.c.i.e.AbstractTransferListenerAdapter - Downloaded https://repo.maven.apache.org/maven2/org/apache/hadoop/hadoop-project/3.1.1/hadoop-project-3.1.1.pom
2023-05-31 10:55:33,508 [Worker-105: reload maven project] INFO  o.e.m.c.i.e.AbstractTransferListenerAdapter - Downloading https://repo.maven.apache.org/maven2/org/eclipse/jetty/jetty-project/9.3.19.v20170502/jetty-project-9.3.19.v20170502.pom
2023-05-31 10:55:33,529 [Worker-105: reload maven project] INFO  o.e.m.c.i.e.AbstractTransferListenerAdapter - Downloaded https://repo.maven.apache.org/maven2/org/eclipse/jetty/jetty-project/9.3.19.v20170502/jetty-project-9.3.19.v20170502.pom
2023-05-31 10:55:33,548 [Worker-105: reload maven project] INFO  o.e.m.c.i.e.AbstractTransferListenerAdapter - Downloading https://repo.maven.apache.org/maven2/org/eclipse/jetty/jetty-parent/25/jetty-parent-25.pom
2023-05-31 10:55:33,572 [Worker-105: reload maven project] INFO  o.e.m.c.i.e.AbstractTransferListenerAdapter - Downloaded https://repo.maven.apache.org/maven2/org/eclipse/jetty/jetty-parent/25/jetty-parent-25.pom
2023-05-31 10:55:33,603 [Worker-105: reload maven project] INFO  o.e.m.c.i.e.AbstractTransferListenerAdapter - Downloading https://repo.maven.apache.org/maven2/org/eclipse/jetty/jetty-http/9.3.19.v20170502/jetty-http-9.3.19.v20170502.pom
2023-05-31 10:55:33,628 [Worker-105: reload maven project] INFO  o.e.m.c.i.e.AbstractTransferListenerAdapter - Downloaded https://repo.maven.apache.org/maven2/org/eclipse/jetty/jetty-http/9.3.19.v20170502/jetty-http-9.3.19.v20170502.pom
2023-05-31 10:55:33,654 [Worker-105: reload maven project] INFO  o.e.m.c.i.e.AbstractTransferListenerAdapter - Downloading https://repo.maven.apache.org/maven2/org/eclipse/jetty/jetty-util/9.3.19.v20170502/jetty-util-9.3.19.v20170502.pom
2023-05-31 10:55:33,675 [Worker-105: reload maven project] INFO  o.e.m.c.i.e.AbstractTransferListenerAdapter - Downloaded https://repo.maven.apache.org/maven2/org/eclipse/jetty/jetty-util/9.3.19.v20170502/jetty-util-9.3.19.v20170502.pom
2023-05-31 10:55:33,694 [Worker-105: reload maven project] INFO  o.e.m.c.i.e.AbstractTransferListenerAdapter - Downloading https://repo.maven.apache.org/maven2/org/eclipse/jetty/jetty-io/9.3.19.v20170502/jetty-io-9.3.19.v20170502.pom
2023-05-31 10:55:33,711 [Worker-105: reload maven project] INFO  o.e.m.c.i.e.AbstractTransferListenerAdapter - Downloaded https://repo.maven.apache.org/maven2/org/eclipse/jetty/jetty-io/9.3.19.v20170502/jetty-io-9.3.19.v20170502.pom
2023-05-31 10:55:33,756 [Worker-105: reload maven project] INFO  o.e.m.c.i.e.AbstractTransferListenerAdapter - Downloading https://repo.maven.apache.org/maven2/org/eclipse/jetty/jetty-util-ajax/9.3.19.v20170502/jetty-util-ajax-9.3.19.v20170502.pom
2023-05-31 10:55:33,780 [Worker-105: reload maven project] INFO  o.e.m.c.i.e.AbstractTransferListenerAdapter - Downloaded https://repo.maven.apache.org/maven2/org/eclipse/jetty/jetty-util-ajax/9.3.19.v20170502/jetty-util-ajax-9.3.19.v20170502.pom
2023-05-31 10:55:33,804 [Worker-105: reload maven project] INFO  o.e.m.c.i.e.AbstractTransferListenerAdapter - Downloading https://repo.maven.apache.org/maven2/com/sun/jersey/jersey-core/1.19/jersey-core-1.19.pom
2023-05-31 10:55:33,834 [Worker-105: reload maven project] INFO  o.e.m.c.i.e.AbstractTransferListenerAdapter - Downloaded https://repo.maven.apache.org/maven2/com/sun/jersey/jersey-core/1.19/jersey-core-1.19.pom
2023-05-31 10:55:33,852 [Worker-105: reload maven project] INFO  o.e.m.c.i.e.AbstractTransferListenerAdapter - Downloading https://repo.maven.apache.org/maven2/com/sun/jersey/jersey-project/1.19/jersey-project-1.19.pom
2023-05-31 10:55:33,879 [Worker-105: reload maven project] INFO  o.e.m.c.i.e.AbstractTransferListenerAdapter - Downloaded https://repo.maven.apache.org/maven2/com/sun/jersey/jersey-project/1.19/jersey-project-1.19.pom
2023-05-31 10:55:33,899 [Worker-105: reload maven project] INFO  o.e.m.c.i.e.AbstractTransferListenerAdapter - Downloading https://repo.maven.apache.org/maven2/javax/ws/rs/jsr311-api/1.1.1/jsr311-api-1.1.1.pom
2023-05-31 10:55:33,931 [Worker-105: reload maven project] INFO  o.e.m.c.i.e.AbstractTransferListenerAdapter - Downloaded https://repo.maven.apache.org/maven2/javax/ws/rs/jsr311-api/1.1.1/jsr311-api-1.1.1.pom
2023-05-31 10:55:33,954 [Worker-105: reload maven project] INFO  o.e.m.c.i.e.AbstractTransferListenerAdapter - Downloading https://repo.maven.apache.org/maven2/com/sun/jersey/jersey-server/1.19/jersey-server-1.19.pom
2023-05-31 10:55:33,981 [Worker-105: reload maven project] INFO  o.e.m.c.i.e.AbstractTransferListenerAdapter - Downloaded https://repo.maven.apache.org/maven2/com/sun/jersey/jersey-server/1.19/jersey-server-1.19.pom
2023-05-31 10:55:34,000 [Worker-105: reload maven project] INFO  o.e.m.c.i.e.AbstractTransferListenerAdapter - Downloading https://repo.maven.apache.org/maven2/commons-io/commons-io/2.5/commons-io-2.5.pom
2023-05-31 10:55:34,024 [Worker-105: reload maven project] INFO  o.e.m.c.i.e.AbstractTransferListenerAdapter - Downloaded https://repo.maven.apache.org/maven2/commons-io/commons-io/2.5/commons-io-2.5.pom
2023-05-31 10:55:34,064 [Worker-105: reload maven project] INFO  o.e.m.c.i.e.AbstractTransferListenerAdapter - Downloading https://repo.maven.apache.org/maven2/io/netty/netty/3.10.5.Final/netty-3.10.5.Final.pom
2023-05-31 10:55:34,104 [Worker-105: reload maven project] INFO  o.e.m.c.i.e.AbstractTransferListenerAdapter - Downloaded https://repo.maven.apache.org/maven2/io/netty/netty/3.10.5.Final/netty-3.10.5.Final.pom
2023-05-31 10:55:34,132 [Worker-105: reload maven project] INFO  o.e.m.c.i.e.AbstractTransferListenerAdapter - Downloading https://repo.maven.apache.org/maven2/io/netty/netty-parent/4.0.52.Final/netty-parent-4.0.52.Final.pom
2023-05-31 10:55:34,179 [Worker-105: reload maven project] INFO  o.e.m.c.i.e.AbstractTransferListenerAdapter - Downloaded https://repo.maven.apache.org/maven2/io/netty/netty-parent/4.0.52.Final/netty-parent-4.0.52.Final.pom
2023-05-31 10:55:34,215 [Worker-105: reload maven project] INFO  o.e.m.c.i.e.AbstractTransferListenerAdapter - Downloading https://repo.maven.apache.org/maven2/org/apache/htrace/htrace-core4/4.1.0-incubating/htrace-core4-4.1.0-incubating.pom
2023-05-31 10:55:34,243 [Worker-105: reload maven project] INFO  o.e.m.c.i.e.AbstractTransferListenerAdapter - Downloaded https://repo.maven.apache.org/maven2/org/apache/htrace/htrace-core4/4.1.0-incubating/htrace-core4-4.1.0-incubating.pom
2023-05-31 10:55:34,268 [Worker-105: reload maven project] INFO  o.e.m.c.i.e.AbstractTransferListenerAdapter - Downloading https://repo.maven.apache.org/maven2/com/fasterxml/jackson/core/jackson-databind/2.7.8/jackson-databind-2.7.8.pom
2023-05-31 10:55:34,291 [Worker-105: reload maven project] INFO  o.e.m.c.i.e.AbstractTransferListenerAdapter - Downloaded https://repo.maven.apache.org/maven2/com/fasterxml/jackson/core/jackson-databind/2.7.8/jackson-databind-2.7.8.pom
2023-05-31 10:55:34,311 [Worker-105: reload maven project] INFO  o.e.m.c.i.e.AbstractTransferListenerAdapter - Downloading https://repo.maven.apache.org/maven2/com/fasterxml/jackson/core/jackson-annotations/2.7.0/jackson-annotations-2.7.0.pom
2023-05-31 10:55:34,330 [Worker-105: reload maven project] INFO  o.e.m.c.i.e.AbstractTransferListenerAdapter - Downloaded https://repo.maven.apache.org/maven2/com/fasterxml/jackson/core/jackson-annotations/2.7.0/jackson-annotations-2.7.0.pom
2023-05-31 10:55:34,353 [Worker-105: reload maven project] INFO  o.e.m.c.i.e.AbstractTransferListenerAdapter - Downloading https://repo.maven.apache.org/maven2/com/fasterxml/jackson/core/jackson-core/2.7.8/jackson-core-2.7.8.pom
2023-05-31 10:55:34,384 [Worker-105: reload maven project] INFO  o.e.m.c.i.e.AbstractTransferListenerAdapter - Downloaded https://repo.maven.apache.org/maven2/com/fasterxml/jackson/core/jackson-core/2.7.8/jackson-core-2.7.8.pom
2023-05-31 10:55:34,438 [AetherRepositoryConnector-repo.maven.apache.org-2-1] INFO  o.e.m.c.i.e.AbstractTransferListenerAdapter - Downloading https://repo.maven.apache.org/maven2/org/codehaus/jackson/jackson-core-asl/1.9.13/jackson-core-asl-1.9.13.jar
2023-05-31 10:55:34,454 [AetherRepositoryConnector-repo.maven.apache.org-2-2] INFO  o.e.m.c.i.e.AbstractTransferListenerAdapter - Downloading https://repo.maven.apache.org/maven2/org/codehaus/jackson/jackson-mapper-asl/1.9.13/jackson-mapper-asl-1.9.13.jar
2023-05-31 10:55:34,479 [AetherRepositoryConnector-repo.maven.apache.org-2-0] INFO  o.e.m.c.i.e.AbstractTransferListenerAdapter - Downloading https://repo.maven.apache.org/maven2/org/apache/spark/spark-core_2.11/2.3.1/spark-core_2.11-2.3.1.jar
2023-05-31 10:55:34,480 [AetherRepositoryConnector-repo.maven.apache.org-2-3] INFO  o.e.m.c.i.e.AbstractTransferListenerAdapter - Downloading https://repo.maven.apache.org/maven2/org/apache/spark/spark-launcher_2.11/2.3.1/spark-launcher_2.11-2.3.1.jar
2023-05-31 10:55:34,480 [AetherRepositoryConnector-repo.maven.apache.org-2-4] INFO  o.e.m.c.i.e.AbstractTransferListenerAdapter - Downloading https://repo.maven.apache.org/maven2/org/apache/spark/spark-kvstore_2.11/2.3.1/spark-kvstore_2.11-2.3.1.jar
2023-05-31 10:55:34,510 [AetherRepositoryConnector-repo.maven.apache.org-2-1] INFO  o.e.m.c.i.e.AbstractTransferListenerAdapter - Downloaded https://repo.maven.apache.org/maven2/org/codehaus/jackson/jackson-core-asl/1.9.13/jackson-core-asl-1.9.13.jar
2023-05-31 10:55:34,644 [AetherRepositoryConnector-repo.maven.apache.org-2-4] INFO  o.e.m.c.i.e.AbstractTransferListenerAdapter - Downloaded https://repo.maven.apache.org/maven2/org/apache/spark/spark-kvstore_2.11/2.3.1/spark-kvstore_2.11-2.3.1.jar
2023-05-31 10:55:34,670 [AetherRepositoryConnector-repo.maven.apache.org-2-3] INFO  o.e.m.c.i.e.AbstractTransferListenerAdapter - Downloaded https://repo.maven.apache.org/maven2/org/apache/spark/spark-launcher_2.11/2.3.1/spark-launcher_2.11-2.3.1.jar
2023-05-31 10:55:34,689 [AetherRepositoryConnector-repo.maven.apache.org-2-1] INFO  o.e.m.c.i.e.AbstractTransferListenerAdapter - Downloading https://repo.maven.apache.org/maven2/org/apache/spark/spark-network-common_2.11/2.3.1/spark-network-common_2.11-2.3.1.jar
2023-05-31 10:55:34,746 [AetherRepositoryConnector-repo.maven.apache.org-2-2] INFO  o.e.m.c.i.e.AbstractTransferListenerAdapter - Downloaded https://repo.maven.apache.org/maven2/org/codehaus/jackson/jackson-mapper-asl/1.9.13/jackson-mapper-asl-1.9.13.jar
2023-05-31 10:55:34,784 [AetherRepositoryConnector-repo.maven.apache.org-2-4] INFO  o.e.m.c.i.e.AbstractTransferListenerAdapter - Downloading https://repo.maven.apache.org/maven2/org/apache/spark/spark-network-shuffle_2.11/2.3.1/spark-network-shuffle_2.11-2.3.1.jar
2023-05-31 10:55:34,821 [AetherRepositoryConnector-repo.maven.apache.org-2-3] INFO  o.e.m.c.i.e.AbstractTransferListenerAdapter - Downloading https://repo.maven.apache.org/maven2/org/apache/spark/spark-unsafe_2.11/2.3.1/spark-unsafe_2.11-2.3.1.jar
2023-05-31 10:55:34,905 [AetherRepositoryConnector-repo.maven.apache.org-2-2] INFO  o.e.m.c.i.e.AbstractTransferListenerAdapter - Downloading https://repo.maven.apache.org/maven2/org/apache/spark/spark-tags_2.11/2.3.1/spark-tags_2.11-2.3.1.jar
2023-05-31 10:55:34,918 [AetherRepositoryConnector-repo.maven.apache.org-2-1] INFO  o.e.m.c.i.e.AbstractTransferListenerAdapter - Downloaded https://repo.maven.apache.org/maven2/org/apache/spark/spark-network-common_2.11/2.3.1/spark-network-common_2.11-2.3.1.jar
2023-05-31 10:55:34,918 [AetherRepositoryConnector-repo.maven.apache.org-2-3] INFO  o.e.m.c.i.e.AbstractTransferListenerAdapter - Downloaded https://repo.maven.apache.org/maven2/org/apache/spark/spark-unsafe_2.11/2.3.1/spark-unsafe_2.11-2.3.1.jar
2023-05-31 10:55:34,918 [AetherRepositoryConnector-repo.maven.apache.org-2-4] INFO  o.e.m.c.i.e.AbstractTransferListenerAdapter - Downloaded https://repo.maven.apache.org/maven2/org/apache/spark/spark-network-shuffle_2.11/2.3.1/spark-network-shuffle_2.11-2.3.1.jar
2023-05-31 10:55:34,929 [AetherRepositoryConnector-repo.maven.apache.org-2-2] INFO  o.e.m.c.i.e.AbstractTransferListenerAdapter - Downloaded https://repo.maven.apache.org/maven2/org/apache/spark/spark-tags_2.11/2.3.1/spark-tags_2.11-2.3.1.jar
2023-05-31 10:55:34,946 [AetherRepositoryConnector-repo.maven.apache.org-2-4] INFO  o.e.m.c.i.e.AbstractTransferListenerAdapter - Downloading https://repo.maven.apache.org/maven2/org/apache/spark/spark-catalyst_2.11/2.3.1/spark-catalyst_2.11-2.3.1.jar
2023-05-31 10:55:34,950 [AetherRepositoryConnector-repo.maven.apache.org-2-1] INFO  o.e.m.c.i.e.AbstractTransferListenerAdapter - Downloading https://repo.maven.apache.org/maven2/org/apache/spark/spark-sql_2.11/2.3.1/spark-sql_2.11-2.3.1.jar
2023-05-31 10:55:34,949 [AetherRepositoryConnector-repo.maven.apache.org-2-3] INFO  o.e.m.c.i.e.AbstractTransferListenerAdapter - Downloading https://repo.maven.apache.org/maven2/org/apache/spark/spark-sketch_2.11/2.3.1/spark-sketch_2.11-2.3.1.jar
2023-05-31 10:55:35,463 [AetherRepositoryConnector-repo.maven.apache.org-2-2] INFO  o.e.m.c.i.e.AbstractTransferListenerAdapter - Downloading https://repo.maven.apache.org/maven2/org/apache/spark/spark-mllib_2.11/2.3.1/spark-mllib_2.11-2.3.1.jar
2023-05-31 10:55:35,465 [AetherRepositoryConnector-repo.maven.apache.org-2-3] INFO  o.e.m.c.i.e.AbstractTransferListenerAdapter - Downloaded https://repo.maven.apache.org/maven2/org/apache/spark/spark-sketch_2.11/2.3.1/spark-sketch_2.11-2.3.1.jar
2023-05-31 10:55:35,518 [AetherRepositoryConnector-repo.maven.apache.org-2-0] INFO  o.e.m.c.i.e.AbstractTransferListenerAdapter - Downloaded https://repo.maven.apache.org/maven2/org/apache/spark/spark-core_2.11/2.3.1/spark-core_2.11-2.3.1.jar
2023-05-31 10:55:35,908 [AetherRepositoryConnector-repo.maven.apache.org-2-3] INFO  o.e.m.c.i.e.AbstractTransferListenerAdapter - Downloading https://repo.maven.apache.org/maven2/org/apache/spark/spark-streaming_2.11/2.3.1/spark-streaming_2.11-2.3.1.jar
2023-05-31 10:55:35,998 [AetherRepositoryConnector-repo.maven.apache.org-2-0] INFO  o.e.m.c.i.e.AbstractTransferListenerAdapter - Downloading https://repo.maven.apache.org/maven2/org/apache/spark/spark-graphx_2.11/2.3.1/spark-graphx_2.11-2.3.1.jar
2023-05-31 10:55:37,678 [AetherRepositoryConnector-repo.maven.apache.org-2-0] INFO  o.e.m.c.i.e.AbstractTransferListenerAdapter - Downloaded https://repo.maven.apache.org/maven2/org/apache/spark/spark-graphx_2.11/2.3.1/spark-graphx_2.11-2.3.1.jar
2023-05-31 10:55:37,791 [AetherRepositoryConnector-repo.maven.apache.org-2-3] INFO  o.e.m.c.i.e.AbstractTransferListenerAdapter - Downloaded https://repo.maven.apache.org/maven2/org/apache/spark/spark-streaming_2.11/2.3.1/spark-streaming_2.11-2.3.1.jar
2023-05-31 10:55:37,761 [AetherRepositoryConnector-repo.maven.apache.org-2-1] INFO  o.e.m.c.i.e.AbstractTransferListenerAdapter - Downloaded https://repo.maven.apache.org/maven2/org/apache/spark/spark-sql_2.11/2.3.1/spark-sql_2.11-2.3.1.jar
2023-05-31 10:55:37,790 [AetherRepositoryConnector-repo.maven.apache.org-2-4] INFO  o.e.m.c.i.e.AbstractTransferListenerAdapter - Downloaded https://repo.maven.apache.org/maven2/org/apache/spark/spark-catalyst_2.11/2.3.1/spark-catalyst_2.11-2.3.1.jar
2023-05-31 10:55:37,752 [AetherRepositoryConnector-repo.maven.apache.org-2-0] INFO  o.e.m.c.i.e.AbstractTransferListenerAdapter - Downloading https://repo.maven.apache.org/maven2/com/github/fommil/netlib/core/1.1.2/core-1.1.2.jar
2023-05-31 10:55:37,823 [AetherRepositoryConnector-repo.maven.apache.org-2-1] INFO  o.e.m.c.i.e.AbstractTransferListenerAdapter - Downloading https://repo.maven.apache.org/maven2/net/sourceforge/f2j/arpack_combined_all/0.1/arpack_combined_all-0.1.jar
2023-05-31 10:55:38,119 [AetherRepositoryConnector-repo.maven.apache.org-2-4] INFO  o.e.m.c.i.e.AbstractTransferListenerAdapter - Downloading https://repo.maven.apache.org/maven2/org/scalanlp/breeze_2.11/0.13.2/breeze_2.11-0.13.2.jar
2023-05-31 10:55:38,137 [AetherRepositoryConnector-repo.maven.apache.org-2-2] INFO  o.e.m.c.i.e.AbstractTransferListenerAdapter - Downloaded https://repo.maven.apache.org/maven2/org/apache/spark/spark-mllib_2.11/2.3.1/spark-mllib_2.11-2.3.1.jar
2023-05-31 10:55:38,887 [AetherRepositoryConnector-repo.maven.apache.org-2-3] INFO  o.e.m.c.i.e.AbstractTransferListenerAdapter - Downloading https://repo.maven.apache.org/maven2/org/apache/spark/spark-mllib-local_2.11/2.3.1/spark-mllib-local_2.11-2.3.1.jar
2023-05-31 10:55:39,578 [AetherRepositoryConnector-repo.maven.apache.org-2-0] INFO  o.e.m.c.i.e.AbstractTransferListenerAdapter - Downloaded https://repo.maven.apache.org/maven2/com/github/fommil/netlib/core/1.1.2/core-1.1.2.jar
2023-05-31 10:55:39,770 [AetherRepositoryConnector-repo.maven.apache.org-2-1] INFO  o.e.m.c.i.e.AbstractTransferListenerAdapter - Downloaded https://repo.maven.apache.org/maven2/net/sourceforge/f2j/arpack_combined_all/0.1/arpack_combined_all-0.1.jar
2023-05-31 10:55:39,780 [AetherRepositoryConnector-repo.maven.apache.org-2-2] INFO  o.e.m.c.i.e.AbstractTransferListenerAdapter - Downloading https://repo.maven.apache.org/maven2/org/scalanlp/breeze-macros_2.11/0.13.2/breeze-macros_2.11-0.13.2.jar
2023-05-31 10:55:40,711 [AetherRepositoryConnector-repo.maven.apache.org-2-3] INFO  o.e.m.c.i.e.AbstractTransferListenerAdapter - Downloaded https://repo.maven.apache.org/maven2/org/apache/spark/spark-mllib-local_2.11/2.3.1/spark-mllib-local_2.11-2.3.1.jar
2023-05-31 10:55:42,219 [AetherRepositoryConnector-repo.maven.apache.org-2-0] INFO  o.e.m.c.i.e.AbstractTransferListenerAdapter - Downloading https://repo.maven.apache.org/maven2/net/sf/opencsv/opencsv/2.3/opencsv-2.3.jar
2023-05-31 10:55:42,608 [AetherRepositoryConnector-repo.maven.apache.org-2-1] INFO  o.e.m.c.i.e.AbstractTransferListenerAdapter - Downloading https://repo.maven.apache.org/maven2/com/github/rwl/jtransforms/2.4.0/jtransforms-2.4.0.jar
2023-05-31 10:55:42,725 [AetherRepositoryConnector-repo.maven.apache.org-2-2] INFO  o.e.m.c.i.e.AbstractTransferListenerAdapter - Downloaded https://repo.maven.apache.org/maven2/org/scalanlp/breeze-macros_2.11/0.13.2/breeze-macros_2.11-0.13.2.jar
2023-05-31 10:55:42,948 [AetherRepositoryConnector-repo.maven.apache.org-2-3] INFO  o.e.m.c.i.e.AbstractTransferListenerAdapter - Downloading https://repo.maven.apache.org/maven2/org/spire-math/spire_2.11/0.13.0/spire_2.11-0.13.0.jar
2023-05-31 10:55:44,035 [AetherRepositoryConnector-repo.maven.apache.org-2-0] INFO  o.e.m.c.i.e.AbstractTransferListenerAdapter - Downloaded https://repo.maven.apache.org/maven2/net/sf/opencsv/opencsv/2.3/opencsv-2.3.jar
2023-05-31 10:55:44,494 [AetherRepositoryConnector-repo.maven.apache.org-2-2] INFO  o.e.m.c.i.e.AbstractTransferListenerAdapter - Downloading https://repo.maven.apache.org/maven2/org/spire-math/spire-macros_2.11/0.13.0/spire-macros_2.11-0.13.0.jar
2023-05-31 10:55:44,713 [AetherRepositoryConnector-repo.maven.apache.org-2-1] INFO  o.e.m.c.i.e.AbstractTransferListenerAdapter - Downloaded https://repo.maven.apache.org/maven2/com/github/rwl/jtransforms/2.4.0/jtransforms-2.4.0.jar
2023-05-31 10:55:44,713 [AetherRepositoryConnector-repo.maven.apache.org-2-4] INFO  o.e.m.c.i.e.AbstractTransferListenerAdapter - Downloaded https://repo.maven.apache.org/maven2/org/scalanlp/breeze_2.11/0.13.2/breeze_2.11-0.13.2.jar
2023-05-31 10:55:45,917 [AetherRepositoryConnector-repo.maven.apache.org-2-0] INFO  o.e.m.c.i.e.AbstractTransferListenerAdapter - Downloading https://repo.maven.apache.org/maven2/org/typelevel/machinist_2.11/0.6.1/machinist_2.11-0.6.1.jar
2023-05-31 10:55:45,929 [AetherRepositoryConnector-repo.maven.apache.org-2-2] INFO  o.e.m.c.i.e.AbstractTransferListenerAdapter - Downloaded https://repo.maven.apache.org/maven2/org/spire-math/spire-macros_2.11/0.13.0/spire-macros_2.11-0.13.0.jar
2023-05-31 10:55:45,930 [AetherRepositoryConnector-repo.maven.apache.org-2-4] INFO  o.e.m.c.i.e.AbstractTransferListenerAdapter - Downloading https://repo.maven.apache.org/maven2/org/typelevel/macro-compat_2.11/1.1.1/macro-compat_2.11-1.1.1.jar
2023-05-31 10:55:45,930 [AetherRepositoryConnector-repo.maven.apache.org-2-1] INFO  o.e.m.c.i.e.AbstractTransferListenerAdapter - Downloading https://repo.maven.apache.org/maven2/com/chuusai/shapeless_2.11/2.3.2/shapeless_2.11-2.3.2.jar
2023-05-31 10:55:46,810 [AetherRepositoryConnector-repo.maven.apache.org-2-2] INFO  o.e.m.c.i.e.AbstractTransferListenerAdapter - Downloading https://repo.maven.apache.org/maven2/org/apache/hadoop/hadoop-hdfs/3.1.1/hadoop-hdfs-3.1.1.jar
2023-05-31 10:55:46,902 [AetherRepositoryConnector-repo.maven.apache.org-2-0] INFO  o.e.m.c.i.e.AbstractTransferListenerAdapter - Downloaded https://repo.maven.apache.org/maven2/org/typelevel/machinist_2.11/0.6.1/machinist_2.11-0.6.1.jar
2023-05-31 10:55:46,921 [AetherRepositoryConnector-repo.maven.apache.org-2-4] INFO  o.e.m.c.i.e.AbstractTransferListenerAdapter - Downloaded https://repo.maven.apache.org/maven2/org/typelevel/macro-compat_2.11/1.1.1/macro-compat_2.11-1.1.1.jar
2023-05-31 10:55:47,572 [AetherRepositoryConnector-repo.maven.apache.org-2-3] INFO  o.e.m.c.i.e.AbstractTransferListenerAdapter - Downloaded https://repo.maven.apache.org/maven2/org/spire-math/spire_2.11/0.13.0/spire_2.11-0.13.0.jar
2023-05-31 10:55:47,803 [AetherRepositoryConnector-repo.maven.apache.org-2-0] INFO  o.e.m.c.i.e.AbstractTransferListenerAdapter - Downloading https://repo.maven.apache.org/maven2/org/eclipse/jetty/jetty-server/9.3.19.v20170502/jetty-server-9.3.19.v20170502.jar
2023-05-31 10:55:47,804 [AetherRepositoryConnector-repo.maven.apache.org-2-1] INFO  o.e.m.c.i.e.AbstractTransferListenerAdapter - Downloaded https://repo.maven.apache.org/maven2/com/chuusai/shapeless_2.11/2.3.2/shapeless_2.11-2.3.2.jar
2023-05-31 10:55:47,866 [AetherRepositoryConnector-repo.maven.apache.org-2-4] INFO  o.e.m.c.i.e.AbstractTransferListenerAdapter - Downloading https://repo.maven.apache.org/maven2/org/eclipse/jetty/jetty-http/9.3.19.v20170502/jetty-http-9.3.19.v20170502.jar
2023-05-31 10:55:47,891 [AetherRepositoryConnector-repo.maven.apache.org-2-3] INFO  o.e.m.c.i.e.AbstractTransferListenerAdapter - Downloading https://repo.maven.apache.org/maven2/org/eclipse/jetty/jetty-io/9.3.19.v20170502/jetty-io-9.3.19.v20170502.jar
2023-05-31 10:55:47,904 [AetherRepositoryConnector-repo.maven.apache.org-2-1] INFO  o.e.m.c.i.e.AbstractTransferListenerAdapter - Downloading https://repo.maven.apache.org/maven2/org/eclipse/jetty/jetty-util/9.3.19.v20170502/jetty-util-9.3.19.v20170502.jar
2023-05-31 10:55:47,966 [AetherRepositoryConnector-repo.maven.apache.org-2-3] INFO  o.e.m.c.i.e.AbstractTransferListenerAdapter - Downloaded https://repo.maven.apache.org/maven2/org/eclipse/jetty/jetty-io/9.3.19.v20170502/jetty-io-9.3.19.v20170502.jar
2023-05-31 10:55:47,968 [AetherRepositoryConnector-repo.maven.apache.org-2-2] INFO  o.e.m.c.i.e.AbstractTransferListenerAdapter - Downloaded https://repo.maven.apache.org/maven2/org/apache/hadoop/hadoop-hdfs/3.1.1/hadoop-hdfs-3.1.1.jar
2023-05-31 10:55:47,968 [AetherRepositoryConnector-repo.maven.apache.org-2-0] INFO  o.e.m.c.i.e.AbstractTransferListenerAdapter - Downloaded https://repo.maven.apache.org/maven2/org/eclipse/jetty/jetty-server/9.3.19.v20170502/jetty-server-9.3.19.v20170502.jar
2023-05-31 10:55:47,968 [AetherRepositoryConnector-repo.maven.apache.org-2-4] INFO  o.e.m.c.i.e.AbstractTransferListenerAdapter - Downloaded https://repo.maven.apache.org/maven2/org/eclipse/jetty/jetty-http/9.3.19.v20170502/jetty-http-9.3.19.v20170502.jar
2023-05-31 10:55:47,999 [AetherRepositoryConnector-repo.maven.apache.org-2-0] INFO  o.e.m.c.i.e.AbstractTransferListenerAdapter - Downloading https://repo.maven.apache.org/maven2/javax/ws/rs/jsr311-api/1.1.1/jsr311-api-1.1.1.jar
2023-05-31 10:55:48,001 [AetherRepositoryConnector-repo.maven.apache.org-2-3] INFO  o.e.m.c.i.e.AbstractTransferListenerAdapter - Downloading https://repo.maven.apache.org/maven2/org/eclipse/jetty/jetty-util-ajax/9.3.19.v20170502/jetty-util-ajax-9.3.19.v20170502.jar
2023-05-31 10:55:48,007 [AetherRepositoryConnector-repo.maven.apache.org-2-4] INFO  o.e.m.c.i.e.AbstractTransferListenerAdapter - Downloading https://repo.maven.apache.org/maven2/com/sun/jersey/jersey-server/1.19/jersey-server-1.19.jar
2023-05-31 10:55:48,009 [AetherRepositoryConnector-repo.maven.apache.org-2-1] INFO  o.e.m.c.i.e.AbstractTransferListenerAdapter - Downloaded https://repo.maven.apache.org/maven2/org/eclipse/jetty/jetty-util/9.3.19.v20170502/jetty-util-9.3.19.v20170502.jar
2023-05-31 10:55:48,104 [AetherRepositoryConnector-repo.maven.apache.org-2-2] INFO  o.e.m.c.i.e.AbstractTransferListenerAdapter - Downloading https://repo.maven.apache.org/maven2/com/sun/jersey/jersey-core/1.19/jersey-core-1.19.jar
2023-05-31 10:55:48,168 [AetherRepositoryConnector-repo.maven.apache.org-2-1] INFO  o.e.m.c.i.e.AbstractTransferListenerAdapter - Downloading https://repo.maven.apache.org/maven2/commons-codec/commons-codec/1.11/commons-codec-1.11.jar
2023-05-31 10:55:48,170 [AetherRepositoryConnector-repo.maven.apache.org-2-0] INFO  o.e.m.c.i.e.AbstractTransferListenerAdapter - Downloaded https://repo.maven.apache.org/maven2/javax/ws/rs/jsr311-api/1.1.1/jsr311-api-1.1.1.jar
2023-05-31 10:55:48,210 [AetherRepositoryConnector-repo.maven.apache.org-2-4] INFO  o.e.m.c.i.e.AbstractTransferListenerAdapter - Downloaded https://repo.maven.apache.org/maven2/com/sun/jersey/jersey-server/1.19/jersey-server-1.19.jar
2023-05-31 10:55:48,210 [AetherRepositoryConnector-repo.maven.apache.org-2-3] INFO  o.e.m.c.i.e.AbstractTransferListenerAdapter - Downloaded https://repo.maven.apache.org/maven2/org/eclipse/jetty/jetty-util-ajax/9.3.19.v20170502/jetty-util-ajax-9.3.19.v20170502.jar
2023-05-31 10:55:48,213 [AetherRepositoryConnector-repo.maven.apache.org-2-0] INFO  o.e.m.c.i.e.AbstractTransferListenerAdapter - Downloading https://repo.maven.apache.org/maven2/commons-io/commons-io/2.5/commons-io-2.5.jar
2023-05-31 10:55:48,242 [AetherRepositoryConnector-repo.maven.apache.org-2-2] INFO  o.e.m.c.i.e.AbstractTransferListenerAdapter - Downloaded https://repo.maven.apache.org/maven2/com/sun/jersey/jersey-core/1.19/jersey-core-1.19.jar
2023-05-31 10:55:48,248 [AetherRepositoryConnector-repo.maven.apache.org-2-3] INFO  o.e.m.c.i.e.AbstractTransferListenerAdapter - Downloading https://repo.maven.apache.org/maven2/commons-logging/commons-logging/1.1.3/commons-logging-1.1.3.jar
2023-05-31 10:55:48,251 [AetherRepositoryConnector-repo.maven.apache.org-2-1] INFO  o.e.m.c.i.e.AbstractTransferListenerAdapter - Downloaded https://repo.maven.apache.org/maven2/commons-codec/commons-codec/1.11/commons-codec-1.11.jar
2023-05-31 10:55:48,252 [AetherRepositoryConnector-repo.maven.apache.org-2-4] INFO  o.e.m.c.i.e.AbstractTransferListenerAdapter - Downloading https://repo.maven.apache.org/maven2/commons-lang/commons-lang/2.6/commons-lang-2.6.jar
2023-05-31 10:55:48,285 [AetherRepositoryConnector-repo.maven.apache.org-2-2] INFO  o.e.m.c.i.e.AbstractTransferListenerAdapter - Downloading https://repo.maven.apache.org/maven2/org/apache/htrace/htrace-core4/4.1.0-incubating/htrace-core4-4.1.0-incubating.jar
2023-05-31 10:55:48,286 [AetherRepositoryConnector-repo.maven.apache.org-2-0] INFO  o.e.m.c.i.e.AbstractTransferListenerAdapter - Downloaded https://repo.maven.apache.org/maven2/commons-io/commons-io/2.5/commons-io-2.5.jar
2023-05-31 10:55:48,440 [AetherRepositoryConnector-repo.maven.apache.org-2-4] INFO  o.e.m.c.i.e.AbstractTransferListenerAdapter - Downloaded https://repo.maven.apache.org/maven2/commons-lang/commons-lang/2.6/commons-lang-2.6.jar
2023-05-31 10:55:48,441 [AetherRepositoryConnector-repo.maven.apache.org-2-3] INFO  o.e.m.c.i.e.AbstractTransferListenerAdapter - Downloaded https://repo.maven.apache.org/maven2/commons-logging/commons-logging/1.1.3/commons-logging-1.1.3.jar
2023-05-31 10:55:48,462 [AetherRepositoryConnector-repo.maven.apache.org-2-2] INFO  o.e.m.c.i.e.AbstractTransferListenerAdapter - Downloaded https://repo.maven.apache.org/maven2/org/apache/htrace/htrace-core4/4.1.0-incubating/htrace-core4-4.1.0-incubating.jar
2023-05-31 10:55:48,932 [Worker-105: reload maven project] WARN  o.e.m.c.i.embedder.EclipseLogger - The POM for commons-codec:commons-codec:jar:1.15-SNAPSHOT is missing, no dependency information available
2023-05-31 10:56:30,639 [main] INFO  o.e.m2e.actions.ExecutePomAction - Creating new launch configuration
2023-05-31 10:56:31,418 [main] WARN  o.e.m.c.i.embedder.EclipseLogger - The POM for commons-codec:commons-codec:jar:1.15-SNAPSHOT is missing, no dependency information available
2023-05-31 10:57:03,069 [Worker-93: Launching SparkModule3] INFO  o.e.m.i.launch.MavenLaunchDelegate - Run build in "/Users/rishianiga/ApacheSparkLearning/SparkModule3":
2023-05-31 10:57:03,075 [Worker-93: Launching SparkModule3] INFO  o.e.m.i.launch.MavenLaunchDelegate -  mvn  -B -Dstyle.color=always eclipse:eclipse
2023-05-31 10:57:03,551 [Worker-93: Launching SparkModule3] WARN  o.e.m.c.i.embedder.EclipseLogger - The POM for commons-codec:commons-codec:jar:1.15-SNAPSHOT is missing, no dependency information available
2023-05-31 10:57:04,084 [Worker-93: Launching SparkModule3] WARN  o.e.m.c.i.embedder.EclipseLogger - The POM for commons-codec:commons-codec:jar:1.15-SNAPSHOT is missing, no dependency information available
2023-06-01 09:24:44,075 [main] INFO  o.e.m2e.actions.ExecutePomAction - Using existing launch configuration
2023-06-01 09:24:47,492 [Worker-118: Launching SparkModule3] INFO  o.e.m.i.launch.MavenLaunchDelegate - Run build in "/Users/rishianiga/ApacheSparkLearning/SparkModule3":
2023-06-01 09:24:47,494 [Worker-118: Launching SparkModule3] INFO  o.e.m.i.launch.MavenLaunchDelegate -  mvn  -B -Dstyle.color=always eclipse:eclipse
